{"content": {"suites": {"0": {"status": {"total_pass": 9, "total_skip": 0, "total_xpass": 0, "total_xfail": 0, "total_rerun": 0, "total_fail": 1, "total_error": 0}, "tests": {"0": {"status": "FAIL", "message": "   selenium.common.exceptions.NoSuchElementException: Message: no such element: Unable to locate element: {\"method\":\"xpath\",\"selector\":\"//app-feature-announcement[@class='ng-star-inserted']/div/div/div\"}\n     (Session info: chrome=122.0.6261.111); For documentation on this error, please visit: https://www.selenium.dev/documentation/webdriver/troubleshooting/errors#no-such-element-exception\n   Stacktrace:\n   #0 0x5bba84329f33 <unknown>\n   #1 0x5bba84021ce6 <unknown>\n   #2 0x5bba8406ce48 <unknown>\n   #3 0x5bba8406cf01 <unknown>\n   #4 0x5bba840b03f4 <unknown>\n   #5 0x5bba8408eedd <unknown>\n   #6 0x5bba840ad899 <unknown>\n   #7 0x5bba8408ec53 <unknown>\n   #8 0x5bba8405fdb3 <unknown>\n   #9 0x5bba8406077e <unknown>\n   #10 0x5bba842ef86b <unknown>\n   #11 0x5bba842f3885 <unknown>\n   #12 0x5bba842dd181 <unknown>\n   #13 0x5bba842f4412 <unknown>\n   #14 0x5bba842c125f <unknown>\n   #15 0x5bba84318528 <unknown>\n   #16 0x5bba84318723 <unknown>\n   #17 0x5bba843290e4 <unknown>\n   #18 0x70cbcee94ac3 <unknown>\n   selenium.common.exceptions.NoSuchElementException: Message: no such element: Unable to locate element: {\"method\":\"xpath\",\"selector\":\"//mat-toolbar[@class='mat-toolbar header mat-toolbar-single-row ng-star-inserted']/div[2]/div/h3\"}\n     (Session info: chrome=122.0.6261.111); For documentation on this error, please visit: https://www.selenium.dev/documentation/webdriver/troubleshooting/errors#no-such-element-exception\n   Stacktrace:\n   #0 0x5bba84329f33 <unknown>\n   #1 0x5bba84021ce6 <unknown>\n   #2 0x5bba8406ce48 <unknown>\n   #3 0x5bba8406cf01 <unknown>\n   #4 0x5bba840b03f4 <unknown>\n   #5 0x5bba8408eedd <unknown>\n   #6 0x5bba840ad899 <unknown>\n   #7 0x5bba8408ec53 <unknown>\n   #8 0x5bba8405fdb3 <unknown>\n   #9 0x5bba8406077e <unknown>\n   #10 0x5bba842ef86b <unknown>\n   #11 0x5bba842f3885 <unknown>\n   #12 0x5bba842dd181 <unknown>\n   #13 0x5bba842f4412 <unknown>\n   #14 0x5bba842c125f <unknown>\n   #15 0x5bba84318528 <unknown>\n   #16 0x5bba84318723 <unknown>\n   #17 0x5bba843290e4 <unknown>\n   #18 0x70cbcee94ac3 <unknown>\n", "test_name": "test_lm_regression_suite[Advtracking]", "rerun": "0"}, "1": {"status": "PASS", "message": "", "test_name": "test_lm_regression_suite[Kynection]", "rerun": "0"}, "2": {"status": "PASS", "message": "", "test_name": "test_lm_regression_suite[Sensium]", "rerun": "0"}, "3": {"status": "PASS", "message": "", "test_name": "test_lm_regression_suite[Simplyunified]", "rerun": "0"}, "4": {"status": "PASS", "message": "", "test_name": "test_lm_regression_suite[Intellitrac]", "rerun": "0"}, "5": {"status": "PASS", "message": "", "test_name": "test_lm_regression_suite[Magtec]", "rerun": "0"}, "6": {"status": "PASS", "message": "", "test_name": "test_lm_regression_suite[Easitrack]", "rerun": "0"}, "7": {"status": "PASS", "message": "", "test_name": "test_lm_regression_suite[Iotab]", "rerun": "0"}, "8": {"status": "PASS", "message": "", "test_name": "test_lm_regression_suite[Blackboxcontrol]", "rerun": "0"}, "9": {"status": "PASS", "message": "", "test_name": "test_lm_regression_suite[Spireonstage]", "rerun": "0"}}, "suite_name": "test_LM_RegressionSuite.py"}}}, "date": "May 23, 2025", "start_time": 1747992364.196889, "total_suite": 1, "status": "FAIL", "status_list": {"pass": "9", "fail": "1", "skip": "0", "error": "0", "xpass": "0", "xfail": "0", "rerun": "0"}, "total_tests": "10"}