{"content": {"suites": {"0": {"status": {"total_pass": 0, "total_skip": 0, "total_xpass": 0, "total_xfail": 0, "total_rerun": 0, "total_fail": 1, "total_error": 0}, "tests": {"0": {"status": "FAIL", "message": "   selenium.common.exceptions.NoSuchWindowException: Message: no such window: target window already closed\n   from unknown error: web view not found\n     (Session info: chrome=122.0.6261.111)\n   Stacktrace:\n   #0 0x5f01921a5f33 <unknown>\n   #1 0x5f0191e9dce6 <unknown>\n   #2 0x5f0191e748cd <unknown>\n   #3 0x5f0191f1376d <unknown>\n   #4 0x5f0191f29226 <unknown>\n   #5 0x5f0191f0ac53 <unknown>\n   #6 0x5f0191edbdb3 <unknown>\n   #7 0x5f0191edc77e <unknown>\n   #8 0x5f019216b86b <unknown>\n   #9 0x5f019216f885 <unknown>\n   #10 0x5f0192159181 <unknown>\n   #11 0x5f0192170412 <unknown>\n   #12 0x5f019213d25f <unknown>\n   #13 0x5f0192194528 <unknown>\n   #14 0x5f0192194723 <unknown>\n   #15 0x5f01921a50e4 <unknown>\n   #16 0x774d2a094ac3 <unknown>\n   selenium.common.exceptions.NoSuchWindowException: Message: no such window: target window already closed\n   from unknown error: web view not found\n     (Session info: chrome=122.0.6261.111)\n   Stacktrace:\n   #0 0x5f01921a5f33 <unknown>\n   #1 0x5f0191e9dce6 <unknown>\n   #2 0x5f0191e748cd <unknown>\n   #3 0x5f0191f1376d <unknown>\n   #4 0x5f0191f29226 <unknown>\n   #5 0x5f0191f0ac53 <unknown>\n   #6 0x5f0191edbdb3 <unknown>\n   #7 0x5f0191edc77e <unknown>\n   #8 0x5f019216b86b <unknown>\n   #9 0x5f019216f885 <unknown>\n   #10 0x5f0192159181 <unknown>\n   #11 0x5f0192170412 <unknown>\n   #12 0x5f019213d25f <unknown>\n   #13 0x5f0192194528 <unknown>\n   #14 0x5f0192194723 <unknown>\n   #15 0x5f01921a50e4 <unknown>\n   #16 0x774d2a094ac3 <unknown>\n", "test_name": "test_lm_regression_suite[Lmpresales]", "rerun": "0"}}, "suite_name": "test_LM_RegressionSuite.py"}}}, "date": "October 24, 2024", "start_time": 1729750880.2188835, "total_suite": 1, "status": "FAIL", "status_list": {"pass": "0", "fail": "1", "skip": "0", "error": "0", "xpass": "0", "xfail": "0", "rerun": "0"}, "total_tests": "1"}