{"content": {"suites": {"0": {"status": {"total_pass": 0, "total_skip": 0, "total_xpass": 0, "total_xfail": 0, "total_rerun": 0, "total_fail": 5, "total_error": 0}, "tests": {"0": {"status": "FAIL", "message": "   selenium.common.exceptions.NoSuchElementException: Message: no such element: Unable to locate element: {\"method\":\"xpath\",\"selector\":\"//span[contains(text(),'lmpresales')]/following-sibling::mat-icon\"}\n     (Session info: chrome=118.0.5993.70); For documentation on this error, please visit: https://www.selenium.dev/documentation/webdriver/troubleshooting/errors#no-such-element-exception\n   Stacktrace:\n   #0 0x555c3ac58fb3 <unknown>\n   #1 0x555c3a92c4a7 <unknown>\n   #2 0x555c3a973dd6 <unknown>\n   #3 0x555c3a973ec1 <unknown>\n   #4 0x555c3a9b1354 <unknown>\n   #5 0x555c3a99596d <unknown>\n   #6 0x555c3a9aec02 <unknown>\n   #7 0x555c3a995713 <unknown>\n   #8 0x555c3a96818b <unknown>\n   #9 0x555c3a968f7e <unknown>\n   #10 0x555c3ac1e8d8 <unknown>\n   #11 0x555c3ac22800 <unknown>\n   #12 0x555c3ac2ccfc <unknown>\n   #13 0x555c3ac23418 <unknown>\n   #14 0x555c3abf042f <unknown>\n   #15 0x555c3ac474e8 <unknown>\n   #16 0x555c3ac476b4 <unknown>\n   #17 0x555c3ac58143 <unknown>\n   #18 0x7ff480290402 <unknown>\n", "test_name": "test_lm_regression_suite[Advtracking]", "rerun": "0"}, "1": {"status": "FAIL", "message": "   selenium.common.exceptions.NoSuchElementException: Message: no such element: Unable to locate element: {\"method\":\"xpath\",\"selector\":\"(//input[@id='signInFormUsername'])[2]\"}\n     (Session info: chrome=118.0.5993.70); For documentation on this error, please visit: https://www.selenium.dev/documentation/webdriver/troubleshooting/errors#no-such-element-exception\n   Stacktrace:\n   #0 0x555c3ac58fb3 <unknown>\n   #1 0x555c3a92c4a7 <unknown>\n   #2 0x555c3a973dd6 <unknown>\n   #3 0x555c3a973ec1 <unknown>\n   #4 0x555c3a9b1354 <unknown>\n   #5 0x555c3a99596d <unknown>\n   #6 0x555c3a9aec02 <unknown>\n   #7 0x555c3a995713 <unknown>\n   #8 0x555c3a96818b <unknown>\n   #9 0x555c3a968f7e <unknown>\n   #10 0x555c3ac1e8d8 <unknown>\n   #11 0x555c3ac22800 <unknown>\n   #12 0x555c3ac2ccfc <unknown>\n   #13 0x555c3ac23418 <unknown>\n   #14 0x555c3abf042f <unknown>\n   #15 0x555c3ac474e8 <unknown>\n   #16 0x555c3ac476b4 <unknown>\n   #17 0x555c3ac58143 <unknown>\n   #18 0x7ff480290402 <unknown>\n", "test_name": "test_lm_regression_suite[lmpresales]", "rerun": "0"}, "2": {"status": "FAIL", "message": "   selenium.common.exceptions.NoSuchElementException: Message: no such element: Unable to locate element: {\"method\":\"xpath\",\"selector\":\"(//input[@id='signInFormUsername'])[2]\"}\n     (Session info: chrome=118.0.5993.70); For documentation on this error, please visit: https://www.selenium.dev/documentation/webdriver/troubleshooting/errors#no-such-element-exception\n   Stacktrace:\n   #0 0x555c3ac58fb3 <unknown>\n   #1 0x555c3a92c4a7 <unknown>\n   #2 0x555c3a973dd6 <unknown>\n   #3 0x555c3a973ec1 <unknown>\n   #4 0x555c3a9b1354 <unknown>\n   #5 0x555c3a99596d <unknown>\n   #6 0x555c3a9aec02 <unknown>\n   #7 0x555c3a995713 <unknown>\n   #8 0x555c3a96818b <unknown>\n   #9 0x555c3a968f7e <unknown>\n   #10 0x555c3ac1e8d8 <unknown>\n   #11 0x555c3ac22800 <unknown>\n   #12 0x555c3ac2ccfc <unknown>\n   #13 0x555c3ac23418 <unknown>\n   #14 0x555c3abf042f <unknown>\n   #15 0x555c3ac474e8 <unknown>\n   #16 0x555c3ac476b4 <unknown>\n   #17 0x555c3ac58143 <unknown>\n   #18 0x7ff480290402 <unknown>\n", "test_name": "test_lm_regression_suite[geotab]", "rerun": "0"}, "3": {"status": "FAIL", "message": "   selenium.common.exceptions.NoSuchElementException: Message: no such element: Unable to locate element: {\"method\":\"xpath\",\"selector\":\"(//input[@id='signInFormUsername'])[2]\"}\n     (Session info: chrome=118.0.5993.70); For documentation on this error, please visit: https://www.selenium.dev/documentation/webdriver/troubleshooting/errors#no-such-element-exception\n   Stacktrace:\n   #0 0x555c3ac58fb3 <unknown>\n   #1 0x555c3a92c4a7 <unknown>\n   #2 0x555c3a973dd6 <unknown>\n   #3 0x555c3a973ec1 <unknown>\n   #4 0x555c3a9b1354 <unknown>\n   #5 0x555c3a99596d <unknown>\n   #6 0x555c3a9aec02 <unknown>\n   #7 0x555c3a995713 <unknown>\n   #8 0x555c3a96818b <unknown>\n   #9 0x555c3a968f7e <unknown>\n   #10 0x555c3ac1e8d8 <unknown>\n   #11 0x555c3ac22800 <unknown>\n   #12 0x555c3ac2ccfc <unknown>\n   #13 0x555c3ac23418 <unknown>\n   #14 0x555c3abf042f <unknown>\n   #15 0x555c3ac474e8 <unknown>\n   #16 0x555c3ac476b4 <unknown>\n   #17 0x555c3ac58143 <unknown>\n   #18 0x7ff480290402 <unknown>\n", "test_name": "test_lm_regression_suite[Kynection]", "rerun": "0"}, "4": {"status": "FAIL", "message": "   selenium.common.exceptions.NoSuchElementException: Message: no such element: Unable to locate element: {\"method\":\"xpath\",\"selector\":\"(//input[@id='signInFormUsername'])[2]\"}\n     (Session info: chrome=118.0.5993.70); For documentation on this error, please visit: https://www.selenium.dev/documentation/webdriver/troubleshooting/errors#no-such-element-exception\n   Stacktrace:\n   #0 0x555c3ac58fb3 <unknown>\n   #1 0x555c3a92c4a7 <unknown>\n   #2 0x555c3a973dd6 <unknown>\n   #3 0x555c3a973ec1 <unknown>\n   #4 0x555c3a9b1354 <unknown>\n   #5 0x555c3a99596d <unknown>\n   #6 0x555c3a9aec02 <unknown>\n   #7 0x555c3a995713 <unknown>\n   #8 0x555c3a96818b <unknown>\n   #9 0x555c3a968f7e <unknown>\n   #10 0x555c3ac1e8d8 <unknown>\n   #11 0x555c3ac22800 <unknown>\n   #12 0x555c3ac2ccfc <unknown>\n   #13 0x555c3ac23418 <unknown>\n   #14 0x555c3abf042f <unknown>\n   #15 0x555c3ac474e8 <unknown>\n   #16 0x555c3ac476b4 <unknown>\n   #17 0x555c3ac58143 <unknown>\n   #18 0x7ff480290402 <unknown>\n", "test_name": "test_lm_regression_suite[Attrix]", "rerun": "0"}}, "suite_name": "test_LM_RegressionSuite.py"}}}, "date": "November 06, 2023", "start_time": 1699271674.8276453, "total_suite": 1, "status": "FAIL", "status_list": {"pass": "0", "fail": "5", "skip": "0", "error": "0", "xpass": "0", "xfail": "0", "rerun": "0"}, "total_tests": "5"}