{"content": {"suites": {"0": {"status": {"total_pass": 0, "total_skip": 0, "total_xpass": 0, "total_xfail": 0, "total_rerun": 0, "total_fail": 1, "total_error": 0}, "tests": {"0": {"status": "FAIL", "message": "   selenium.common.exceptions.NoSuchElementException: Message: no such element: Unable to locate element: {\"method\":\"xpath\",\"selector\":\"//app-feature-announcement[@class='ng-star-inserted']/div/div/div\"}\n     (Session info: chrome=122.0.6261.111); For documentation on this error, please visit: https://www.selenium.dev/documentation/webdriver/troubleshooting/errors#no-such-element-exception\n   Stacktrace:\n   #0 0x5731e97f1f33 <unknown>\n   #1 0x5731e94e9ce6 <unknown>\n   #2 0x5731e9534e48 <unknown>\n   #3 0x5731e9534f01 <unknown>\n   #4 0x5731e95783f4 <unknown>\n   #5 0x5731e9556edd <unknown>\n   #6 0x5731e9575899 <unknown>\n   #7 0x5731e9556c53 <unknown>\n   #8 0x5731e9527db3 <unknown>\n   #9 0x5731e952877e <unknown>\n   #10 0x5731e97b786b <unknown>\n   #11 0x5731e97bb885 <unknown>\n   #12 0x5731e97a5181 <unknown>\n   #13 0x5731e97bc412 <unknown>\n   #14 0x5731e978925f <unknown>\n   #15 0x5731e97e0528 <unknown>\n   #16 0x5731e97e0723 <unknown>\n   #17 0x5731e97f10e4 <unknown>\n   #18 0x72ed23694ac3 <unknown>\n   selenium.common.exceptions.NoSuchElementException: Message: no such element: Unable to locate element: {\"method\":\"xpath\",\"selector\":\"//app-home[@class='ng-star-inserted']//app-header/mat-toolbar/div[2]/span\"}\n     (Session info: chrome=122.0.6261.111); For documentation on this error, please visit: https://www.selenium.dev/documentation/webdriver/troubleshooting/errors#no-such-element-exception\n   Stacktrace:\n   #0 0x5731e97f1f33 <unknown>\n   #1 0x5731e94e9ce6 <unknown>\n   #2 0x5731e9534e48 <unknown>\n   #3 0x5731e9534f01 <unknown>\n   #4 0x5731e95783f4 <unknown>\n   #5 0x5731e9556edd <unknown>\n   #6 0x5731e9575899 <unknown>\n   #7 0x5731e9556c53 <unknown>\n   #8 0x5731e9527db3 <unknown>\n   #9 0x5731e952877e <unknown>\n   #10 0x5731e97b786b <unknown>\n   #11 0x5731e97bb885 <unknown>\n   #12 0x5731e97a5181 <unknown>\n   #13 0x5731e97bc412 <unknown>\n   #14 0x5731e978925f <unknown>\n   #15 0x5731e97e0528 <unknown>\n   #16 0x5731e97e0723 <unknown>\n   #17 0x5731e97f10e4 <unknown>\n   #18 0x72ed23694ac3 <unknown>\n", "test_name": "test_lm_regression_suite[Zctest]", "rerun": "0"}}, "suite_name": "test_LM_RegressionSuite.py"}}}, "date": "July 03, 2024", "start_time": 1720006502.9385176, "total_suite": 1, "status": "FAIL", "status_list": {"pass": "0", "fail": "1", "skip": "0", "error": "0", "xpass": "0", "xfail": "0", "rerun": "0"}, "total_tests": "1"}