{"content": {"suites": {"0": {"status": {"total_pass": 0, "total_skip": 0, "total_xpass": 0, "total_xfail": 0, "total_rerun": 0, "total_fail": 5, "total_error": 0}, "tests": {"0": {"status": "FAIL", "message": "   selenium.common.exceptions.ElementClickInterceptedException: Message: element click intercepted: Element <a _ngcontent-jdx-c377=\"\" color=\"primary\" mat-list-item=\"\" routerlinkactive=\"active\" class=\"mat-list-item mat-focus-indicator nav-item ng-star-inserted\" href=\"/safety-events\" style=\"\">...</a> is not clickable at point (110, 184). Other element would receive the click: <div class=\"cdk-overlay-backdrop cdk-overlay-dark-backdrop cdk-overlay-backdrop-showing\"></div>\n     (Session info: chrome=118.0.5993.70)\n   Stacktrace:\n   #0 0x565322905fb3 <unknown>\n   #1 0x5653225d94a7 <unknown>\n   #2 0x565322626ecd <unknown>\n   #3 0x56532262526d <unknown>\n   #4 0x565322623028 <unknown>\n   #5 0x565322622097 <unknown>\n   #6 0x565322616d59 <unknown>\n   #7 0x565322642942 <unknown>\n   #8 0x565322616776 <unknown>\n   #9 0x565322642b0e <unknown>\n   #10 0x56532265bc02 <unknown>\n   #11 0x565322642713 <unknown>\n   #12 0x56532261518b <unknown>\n   #13 0x565322615f7e <unknown>\n   #14 0x5653228cb8d8 <unknown>\n   #15 0x5653228cf800 <unknown>\n   #16 0x5653228d9cfc <unknown>\n   #17 0x5653228d0418 <unknown>\n   #18 0x56532289d42f <unknown>\n   #19 0x5653228f44e8 <unknown>\n   #20 0x5653228f46b4 <unknown>\n   #21 0x565322905143 <unknown>\n   #22 0x7f227f090402 <unknown>\n", "test_name": "test_lm_regression_suite[Advtracking]", "rerun": "0"}, "1": {"status": "FAIL", "message": "   selenium.common.exceptions.NoSuchElementException: Message: no such element: Unable to locate element: {\"method\":\"xpath\",\"selector\":\"(//input[@id='signInFormUsername'])[2]\"}\n     (Session info: chrome=118.0.5993.70); For documentation on this error, please visit: https://www.selenium.dev/documentation/webdriver/troubleshooting/errors#no-such-element-exception\n   Stacktrace:\n   #0 0x565322905fb3 <unknown>\n   #1 0x5653225d94a7 <unknown>\n   #2 0x565322620dd6 <unknown>\n   #3 0x565322620ec1 <unknown>\n   #4 0x56532265e354 <unknown>\n   #5 0x56532264296d <unknown>\n   #6 0x56532265bc02 <unknown>\n   #7 0x565322642713 <unknown>\n   #8 0x56532261518b <unknown>\n   #9 0x565322615f7e <unknown>\n   #10 0x5653228cb8d8 <unknown>\n   #11 0x5653228cf800 <unknown>\n   #12 0x5653228d9cfc <unknown>\n   #13 0x5653228d0418 <unknown>\n   #14 0x56532289d42f <unknown>\n   #15 0x5653228f44e8 <unknown>\n   #16 0x5653228f46b4 <unknown>\n   #17 0x565322905143 <unknown>\n   #18 0x7f227f090402 <unknown>\n", "test_name": "test_lm_regression_suite[lmpresales]", "rerun": "0"}, "2": {"status": "FAIL", "message": "   selenium.common.exceptions.NoSuchElementException: Message: no such element: Unable to locate element: {\"method\":\"xpath\",\"selector\":\"(//input[@id='signInFormUsername'])[2]\"}\n     (Session info: chrome=118.0.5993.70); For documentation on this error, please visit: https://www.selenium.dev/documentation/webdriver/troubleshooting/errors#no-such-element-exception\n   Stacktrace:\n   #0 0x565322905fb3 <unknown>\n   #1 0x5653225d94a7 <unknown>\n   #2 0x565322620dd6 <unknown>\n   #3 0x565322620ec1 <unknown>\n   #4 0x56532265e354 <unknown>\n   #5 0x56532264296d <unknown>\n   #6 0x56532265bc02 <unknown>\n   #7 0x565322642713 <unknown>\n   #8 0x56532261518b <unknown>\n   #9 0x565322615f7e <unknown>\n   #10 0x5653228cb8d8 <unknown>\n   #11 0x5653228cf800 <unknown>\n   #12 0x5653228d9cfc <unknown>\n   #13 0x5653228d0418 <unknown>\n   #14 0x56532289d42f <unknown>\n   #15 0x5653228f44e8 <unknown>\n   #16 0x5653228f46b4 <unknown>\n   #17 0x565322905143 <unknown>\n   #18 0x7f227f090402 <unknown>\n", "test_name": "test_lm_regression_suite[geotab]", "rerun": "0"}, "3": {"status": "FAIL", "message": "   selenium.common.exceptions.NoSuchElementException: Message: no such element: Unable to locate element: {\"method\":\"xpath\",\"selector\":\"(//input[@id='signInFormUsername'])[2]\"}\n     (Session info: chrome=118.0.5993.70); For documentation on this error, please visit: https://www.selenium.dev/documentation/webdriver/troubleshooting/errors#no-such-element-exception\n   Stacktrace:\n   #0 0x565322905fb3 <unknown>\n   #1 0x5653225d94a7 <unknown>\n   #2 0x565322620dd6 <unknown>\n   #3 0x565322620ec1 <unknown>\n   #4 0x56532265e354 <unknown>\n   #5 0x56532264296d <unknown>\n   #6 0x56532265bc02 <unknown>\n   #7 0x565322642713 <unknown>\n   #8 0x56532261518b <unknown>\n   #9 0x565322615f7e <unknown>\n   #10 0x5653228cb8d8 <unknown>\n   #11 0x5653228cf800 <unknown>\n   #12 0x5653228d9cfc <unknown>\n   #13 0x5653228d0418 <unknown>\n   #14 0x56532289d42f <unknown>\n   #15 0x5653228f44e8 <unknown>\n   #16 0x5653228f46b4 <unknown>\n   #17 0x565322905143 <unknown>\n   #18 0x7f227f090402 <unknown>\n", "test_name": "test_lm_regression_suite[Kynection]", "rerun": "0"}, "4": {"status": "FAIL", "message": "   selenium.common.exceptions.NoSuchElementException: Message: no such element: Unable to locate element: {\"method\":\"xpath\",\"selector\":\"(//input[@id='signInFormUsername'])[2]\"}\n     (Session info: chrome=118.0.5993.70); For documentation on this error, please visit: https://www.selenium.dev/documentation/webdriver/troubleshooting/errors#no-such-element-exception\n   Stacktrace:\n   #0 0x565322905fb3 <unknown>\n   #1 0x5653225d94a7 <unknown>\n   #2 0x565322620dd6 <unknown>\n   #3 0x565322620ec1 <unknown>\n   #4 0x56532265e354 <unknown>\n   #5 0x56532264296d <unknown>\n   #6 0x56532265bc02 <unknown>\n   #7 0x565322642713 <unknown>\n   #8 0x56532261518b <unknown>\n   #9 0x565322615f7e <unknown>\n   #10 0x5653228cb8d8 <unknown>\n   #11 0x5653228cf800 <unknown>\n   #12 0x5653228d9cfc <unknown>\n   #13 0x5653228d0418 <unknown>\n   #14 0x56532289d42f <unknown>\n   #15 0x5653228f44e8 <unknown>\n   #16 0x5653228f46b4 <unknown>\n   #17 0x565322905143 <unknown>\n   #18 0x7f227f090402 <unknown>\n", "test_name": "test_lm_regression_suite[Attrix]", "rerun": "0"}}, "suite_name": "test_LM_RegressionSuite.py"}}}, "date": "November 06, 2023", "start_time": 1699266859.724307, "total_suite": 1, "status": "FAIL", "status_list": {"pass": "0", "fail": "5", "skip": "0", "error": "0", "xpass": "0", "xfail": "0", "rerun": "0"}, "total_tests": "5"}