{"content": {"suites": {"0": {"status": {"total_pass": 10, "total_skip": 0, "total_xpass": 0, "total_xfail": 0, "total_rerun": 0, "total_fail": 2, "total_error": 0}, "tests": {"0": {"status": "PASS", "message": "", "test_name": "test_lm_regression_suite[Advtracking]", "rerun": "0"}, "1": {"status": "PASS", "message": "", "test_name": "test_lm_regression_suite[Kynection]", "rerun": "0"}, "2": {"status": "PASS", "message": "", "test_name": "test_lm_regression_suite[Lmpresales]", "rerun": "0"}, "3": {"status": "PASS", "message": "", "test_name": "test_lm_regression_suite[Mitac]", "rerun": "0"}, "4": {"status": "FAIL", "message": "   selenium.common.exceptions.NoSuchElementException: Message: no such element: Unable to locate element: {\"method\":\"xpath\",\"selector\":\"//button[@mattooltip='Launch fleet dashboard']\"}\n     (Session info: chrome=122.0.6261.111); For documentation on this error, please visit: https://www.selenium.dev/documentation/webdriver/troubleshooting/errors#no-such-element-exception\n   Stacktrace:\n   #0 0x5af94cee9f33 <unknown>\n   #1 0x5af94cbe1ce6 <unknown>\n   #2 0x5af94cc2ce48 <unknown>\n   #3 0x5af94cc2cf01 <unknown>\n   #4 0x5af94cc703f4 <unknown>\n   #5 0x5af94cc4eedd <unknown>\n   #6 0x5af94cc6d899 <unknown>\n   #7 0x5af94cc4ec53 <unknown>\n   #8 0x5af94cc1fdb3 <unknown>\n   #9 0x5af94cc2077e <unknown>\n   #10 0x5af94ceaf86b <unknown>\n   #11 0x5af94ceb3885 <unknown>\n   #12 0x5af94ce9d181 <unknown>\n   #13 0x5af94ceb4412 <unknown>\n   #14 0x5af94ce8125f <unknown>\n   #15 0x5af94ced8528 <unknown>\n   #16 0x5af94ced8723 <unknown>\n   #17 0x5af94cee90e4 <unknown>\n   #18 0x78c753494ac3 <unknown>\n", "test_name": "test_lm_regression_suite[Sensium]", "rerun": "0"}, "5": {"status": "FAIL", "message": "   selenium.common.exceptions.NoSuchElementException: Message: no such element: Unable to locate element: {\"method\":\"xpath\",\"selector\":\"//span[contains(text(),'lmpresales')]/following-sibling::mat-icon\"}\n     (Session info: chrome=122.0.6261.111); For documentation on this error, please visit: https://www.selenium.dev/documentation/webdriver/troubleshooting/errors#no-such-element-exception\n   Stacktrace:\n   #0 0x5da2daf1ef33 <unknown>\n   #1 0x5da2dac16ce6 <unknown>\n   #2 0x5da2dac61e48 <unknown>\n   #3 0x5da2dac61f01 <unknown>\n   #4 0x5da2daca53f4 <unknown>\n   #5 0x5da2dac83edd <unknown>\n   #6 0x5da2daca2899 <unknown>\n   #7 0x5da2dac83c53 <unknown>\n   #8 0x5da2dac54db3 <unknown>\n   #9 0x5da2dac5577e <unknown>\n   #10 0x5da2daee486b <unknown>\n   #11 0x5da2daee8885 <unknown>\n   #12 0x5da2daed2181 <unknown>\n   #13 0x5da2daee9412 <unknown>\n   #14 0x5da2daeb625f <unknown>\n   #15 0x5da2daf0d528 <unknown>\n   #16 0x5da2daf0d723 <unknown>\n   #17 0x5da2daf1e0e4 <unknown>\n   #18 0x72e7fa494ac3 <unknown>\n", "test_name": "test_lm_regression_suite[Simplyunified]", "rerun": "0"}, "6": {"status": "PASS", "message": "", "test_name": "test_lm_regression_suite[Tcvsat]", "rerun": "0"}, "7": {"status": "PASS", "message": "", "test_name": "test_lm_regression_suite[Intellitrac]", "rerun": "0"}, "8": {"status": "PASS", "message": "", "test_name": "test_lm_regression_suite[Magtec]", "rerun": "0"}, "9": {"status": "PASS", "message": "", "test_name": "test_lm_regression_suite[Easitrack]", "rerun": "0"}, "10": {"status": "PASS", "message": "", "test_name": "test_lm_regression_suite[Iotab]", "rerun": "0"}, "11": {"status": "PASS", "message": "", "test_name": "test_lm_regression_suite[Blackboxcontrol]", "rerun": "0"}}, "suite_name": "test_LM_RegressionSuite.py"}}}, "date": "December 19, 2024", "start_time": 1734593747.822503, "total_suite": 1, "status": "FAIL", "status_list": {"pass": "10", "fail": "2", "skip": "0", "error": "0", "xpass": "0", "xfail": "0", "rerun": "0"}, "total_tests": "12"}