{"content": {"suites": {"0": {"status": {"total_pass": 1, "total_skip": 0, "total_xpass": 0, "total_xfail": 0, "total_rerun": 0, "total_fail": 3, "total_error": 1}, "tests": {"0": {"status": "PASS", "message": "", "test_name": "test_lm_regression_suite[Fleetilla]", "rerun": "0"}, "1": {"status": "FAIL", "message": "   selenium.common.exceptions.NoSuchElementException: Message: no such element: Unable to locate element: {\"method\":\"xpath\",\"selector\":\"//span[contains(text(),'lmpresales')]/following-sibling::mat-icon\"}\n     (Session info: chrome=119.0.6045.159); For documentation on this error, please visit: https://www.selenium.dev/documentation/webdriver/troubleshooting/errors#no-such-element-exception\n   Stacktrace:\n   #0 0x556c1162b5e3 <unknown>\n   #1 0x556c112ee0b7 <unknown>\n   #2 0x556c1133bf53 <unknown>\n   #3 0x556c1133c051 <unknown>\n   #4 0x556c113819c4 <unknown>\n   #5 0x556c11362f1d <unknown>\n   #6 0x556c1137eb3d <unknown>\n   #7 0x556c11362cc3 <unknown>\n   #8 0x556c1132e0e4 <unknown>\n   #9 0x556c1132f0ae <unknown>\n   #10 0x556c115f1ce1 <unknown>\n   #11 0x556c115f5b7e <unknown>\n   #12 0x556c115df4b5 <unknown>\n   #13 0x556c115f67d6 <unknown>\n   #14 0x556c115c2dbf <unknown>\n   #15 0x556c11619748 <unknown>\n   #16 0x556c11619917 <unknown>\n   #17 0x556c1162a773 <unknown>\n   #18 0x7efd28e97ada <unknown>\n", "test_name": "test_lm_regression_suite[IntelliTrac]", "rerun": "0"}, "2": {"status": "FAIL", "message": "   selenium.common.exceptions.NoSuchElementException: Message: no such element: Unable to locate element: {\"method\":\"xpath\",\"selector\":\"(//input[@id='signInFormUsername'])[2]\"}\n     (Session info: chrome=119.0.6045.159); For documentation on this error, please visit: https://www.selenium.dev/documentation/webdriver/troubleshooting/errors#no-such-element-exception\n   Stacktrace:\n   #0 0x5584c38a85e3 <unknown>\n   #1 0x5584c356b0b7 <unknown>\n   #2 0x5584c35b8f53 <unknown>\n   #3 0x5584c35b9051 <unknown>\n   #4 0x5584c35fe9c4 <unknown>\n   #5 0x5584c35dff1d <unknown>\n   #6 0x5584c35fbb3d <unknown>\n   #7 0x5584c35dfcc3 <unknown>\n   #8 0x5584c35ab0e4 <unknown>\n   #9 0x5584c35ac0ae <unknown>\n   #10 0x5584c386ece1 <unknown>\n   #11 0x5584c3872b7e <unknown>\n   #12 0x5584c385c4b5 <unknown>\n   #13 0x5584c38737d6 <unknown>\n   #14 0x5584c383fdbf <unknown>\n   #15 0x5584c3896748 <unknown>\n   #16 0x5584c3896917 <unknown>\n   #17 0x5584c38a7773 <unknown>\n   #18 0x7f9904697ada <unknown>\n", "test_name": "test_lm_regression_suite[Magtec]", "rerun": "0"}, "3": {"status": "FAIL", "message": "   selenium.common.exceptions.NoSuchWindowException: Message: no such window: target window already closed\n   from unknown error: web view not found\n     (Session info: chrome=119.0.6045.159)\n   Stacktrace:\n   #0 0x555e844d15e3 <unknown>\n   #1 0x555e841940b7 <unknown>\n   #2 0x555e841681b8 <unknown>\n   #3 0x555e8420e6ef <unknown>\n   #4 0x555e84224306 <unknown>\n   #5 0x555e84208cc3 <unknown>\n   #6 0x555e841d40e4 <unknown>\n   #7 0x555e841d50ae <unknown>\n   #8 0x555e84497ce1 <unknown>\n   #9 0x555e8449bb7e <unknown>\n   #10 0x555e844854b5 <unknown>\n   #11 0x555e8449c7d6 <unknown>\n   #12 0x555e84468dbf <unknown>\n   #13 0x555e844bf748 <unknown>\n   #14 0x555e844bf917 <unknown>\n   #15 0x555e844d0773 <unknown>\n   #16 0x7efd8b097ada <unknown>\n", "test_name": "test_lm_regression_suite[IDriveCam]", "rerun": "0"}, "4": {"status": "ERROR", "message": "request = <SubRequest 'setup' for <Function test_lm_regression_suite[MachineMax]>>\n\n    @pytest.fixture(scope=\"function\", autouse=True)\n    def setup(request):\n        global driver\n        browser_name = request.config.getoption(\"browser_name\")\n        if browser_name == \"chrome\":\n            options = Options()\n            # options.add_argument('--headless')\n            options.add_argument('--no-sandbox')\n            options.add_argument('--disable-dev-shm-usage')\n            # driver = webdriver.Chrome(ChromeDriverManager().install())\n            driver = webdriver.Chrome(service=Service(\"/home/a/Downloads/chromedriver-linux64/chromedriver\"))\n            # driver = webdriver.Chrome(executable_path=\"C:\\\\chromedriver.exe\")\n        elif browser_name == \"firefox\":\n            driver = webdriver.Firefox(executable_path=\"C:\\\\geckodriver.exe\")\n        elif browser_name == \"IE\":\n            print(\"IE driver\")\n        driver.get(\"https://admin.lightmetrics.co/statistics\")\n>       driver.maximize_window()\n\nconftest.py:60: \n_ _ _ _ _ _ _ _ _ _ _ _ _ _ _ _ _ _ _ _ _ _ _ _ _ _ _ _ _ _ _ _ _ _ _ _ _ _ _ _ _ _ _ _ _ _ _ _ _ _ _ _ _ _ _ _ _ _ _ _ _ _ _ _ _ _ _ _ _ _ _ _ _ _ _ _ _ _ _ _ _ _ _ _ _ _ _ _ _ _ _ _ _ _ _ _ _ _ _ _ _ _ _ _ _ _ _ _ _ _\n../venv/bi/lib/python3.11/site-packages/selenium/webdriver/remote/webdriver.py:499: in maximize_window\n    self.execute(command, None)\n../venv/bi/lib/python3.11/site-packages/selenium/webdriver/remote/webdriver.py:347: in execute\n    self.error_handler.check_response(response)\n_ _ _ _ _ _ _ _ _ _ _ _ _ _ _ _ _ _ _ _ _ _ _ _ _ _ _ _ _ _ _ _ _ _ _ _ _ _ _ _ _ _ _ _ _ _ _ _ _ _ _ _ _ _ _ _ _ _ _ _ _ _ _ _ _ _ _ _ _ _ _ _ _ _ _ _ _ _ _ _ _ _ _ _ _ _ _ _ _ _ _ _ _ _ _ _ _ _ _ _ _ _ _ _ _ _ _ _ _ _\n\nself = <selenium.webdriver.remote.errorhandler.ErrorHandler object at 0x7f0dce48dad0>\nresponse = {'status': 404, 'value': '{\"value\":{\"error\":\"no such window\",\"message\":\"no such window: target window already closed\\\\...\\\\n#14 0x56452eb21917 \\\\u003Cunknown>\\\\n#15 0x56452eb32773 \\\\u003Cunknown>\\\\n#16 0x7fba51297ada \\\\u003Cunknown>\\\\n\"}}'}\n\n    def check_response(self, response: Dict[str, Any]) -> None:\n        \"\"\"Checks that a JSON response from the WebDriver does not have an\n        error.\n    \n        :Args:\n         - response - The JSON response from the WebDriver server as a dictionary\n           object.\n    \n        :Raises: If the response contains an error message.\n        \"\"\"\n        status = response.get(\"status\", None)\n        if not status or status == ErrorCode.SUCCESS:\n            return\n        value = None\n        message = response.get(\"message\", \"\")\n        screen: str = response.get(\"screen\", \"\")\n        stacktrace = None\n        if isinstance(status, int):\n            value_json = response.get(\"value\", None)\n            if value_json and isinstance(value_json, str):\n                import json\n    \n                try:\n                    value = json.loads(value_json)\n                    if len(value) == 1:\n                        value = value[\"value\"]\n                    status = value.get(\"error\", None)\n                    if not status:\n                        status = value.get(\"status\", ErrorCode.UNKNOWN_ERROR)\n                        message = value.get(\"value\") or value.get(\"message\")\n                        if not isinstance(message, str):\n                            value = message\n                            message = message.get(\"message\")\n                    else:\n                        message = value.get(\"message\", None)\n                except ValueError:\n                    pass\n    \n        exception_class: Type[WebDriverException]\n        e = ErrorCode()\n        error_codes = [item for item in dir(e) if not item.startswith(\"__\")]\n        for error_code in error_codes:\n            error_info = getattr(ErrorCode, error_code)\n            if isinstance(error_info, list) and status in error_info:\n                exception_class = getattr(ExceptionMapping, error_code, WebDriverException)\n                break\n        else:\n            exception_class = WebDriverException\n    \n        if not value:\n            value = response[\"value\"]\n        if isinstance(value, str):\n            raise exception_class(value)\n        if message == \"\" and \"message\" in value:\n            message = value[\"message\"]\n    \n        screen = None  # type: ignore[assignment]\n        if \"screen\" in value:\n            screen = value[\"screen\"]\n    \n        stacktrace = None\n        st_value = value.get(\"stackTrace\") or value.get(\"stacktrace\")\n        if st_value:\n            if isinstance(st_value, str):\n                stacktrace = st_value.split(\"\\n\")\n            else:\n                stacktrace = []\n                try:\n                    for frame in st_value:\n                        line = frame.get(\"lineNumber\", \"\")\n                        file = frame.get(\"fileName\", \"<anonymous>\")\n                        if line:\n                            file = f\"{file}:{line}\"\n                        meth = frame.get(\"methodName\", \"<anonymous>\")\n                        if \"className\" in frame:\n                            meth = f\"{frame['className']}.{meth}\"\n                        msg = \"    at %s (%s)\"\n                        msg = msg % (meth, file)\n                        stacktrace.append(msg)\n                except TypeError:\n                    pass\n        if exception_class == UnexpectedAlertPresentException:\n            alert_text = None\n            if \"data\" in value:\n                alert_text = value[\"data\"].get(\"text\")\n            elif \"alert\" in value:\n                alert_text = value[\"alert\"].get(\"text\")\n            raise exception_class(message, screen, stacktrace, alert_text)  # type: ignore[call-arg]  # mypy is not smart enough here\n>       raise exception_class(message, screen, stacktrace)\nE       selenium.common.exceptions.NoSuchWindowException: Message: no such window: target window already closed\nE       from unknown error: web view not found\nE         (Session info: chrome=119.0.6045.159)\nE       Stacktrace:\nE       #0 0x56452eb335e3 <unknown>\nE       #1 0x56452e7f60b7 <unknown>\nE       #2 0x56452e7ca1b8 <unknown>\nE       #3 0x56452e8706ef <unknown>\nE       #4 0x56452e886306 <unknown>\nE       #5 0x56452e86acc3 <unknown>\nE       #6 0x56452e8360e4 <unknown>\nE       #7 0x56452e8370ae <unknown>\nE       #8 0x56452eaf9ce1 <unknown>\nE       #9 0x56452eafdb7e <unknown>\nE       #10 0x56452eae74b5 <unknown>\nE       #11 0x56452eafe7d6 <unknown>\nE       #12 0x56452eacadbf <unknown>\nE       #13 0x56452eb21748 <unknown>\nE       #14 0x56452eb21917 <unknown>\nE       #15 0x56452eb32773 <unknown>\nE       #16 0x7fba51297ada <unknown>\n\n../venv/bi/lib/python3.11/site-packages/selenium/webdriver/remote/errorhandler.py:229: NoSuchWindowException\n", "test_name": "test_lm_regression_suite[MachineMax]", "rerun": "0"}}, "suite_name": "test_LM_RegressionSuite.py"}}}, "date": "December 27, 2023", "start_time": 1703680738.5297606, "total_suite": 1, "status": "FAIL", "status_list": {"pass": "1", "fail": "3", "skip": "0", "error": "1", "xpass": "0", "xfail": "0", "rerun": "0"}, "total_tests": "5"}