{"content": {"suites": {"0": {"status": {"total_pass": 0, "total_skip": 0, "total_xpass": 0, "total_xfail": 0, "total_rerun": 0, "total_fail": 1, "total_error": 0}, "tests": {"0": {"status": "FAIL", "message": "   selenium.common.exceptions.NoSuchWindowException: Message: no such window: target window already closed\n   from unknown error: web view not found\n     (Session info: chrome=122.0.6261.111)\n   Stacktrace:\n   #0 0x64ac0a9d0f33 <unknown>\n   #1 0x64ac0a6c8ce6 <unknown>\n   #2 0x64ac0a69f8cd <unknown>\n   #3 0x64ac0a73e76d <unknown>\n   #4 0x64ac0a754226 <unknown>\n   #5 0x64ac0a735c53 <unknown>\n   #6 0x64ac0a706db3 <unknown>\n   #7 0x64ac0a70777e <unknown>\n   #8 0x64ac0a99686b <unknown>\n   #9 0x64ac0a99a885 <unknown>\n   #10 0x64ac0a984181 <unknown>\n   #11 0x64ac0a99b412 <unknown>\n   #12 0x64ac0a96825f <unknown>\n   #13 0x64ac0a9bf528 <unknown>\n   #14 0x64ac0a9bf723 <unknown>\n   #15 0x64ac0a9d00e4 <unknown>\n   #16 0x77b8cac94ac3 <unknown>\n   selenium.common.exceptions.NoSuchWindowException: Message: no such window: target window already closed\n   from unknown error: web view not found\n     (Session info: chrome=122.0.6261.111)\n   Stacktrace:\n   #0 0x64ac0a9d0f33 <unknown>\n   #1 0x64ac0a6c8ce6 <unknown>\n   #2 0x64ac0a69f8cd <unknown>\n   #3 0x64ac0a73e76d <unknown>\n   #4 0x64ac0a754226 <unknown>\n   #5 0x64ac0a735c53 <unknown>\n   #6 0x64ac0a706db3 <unknown>\n   #7 0x64ac0a70777e <unknown>\n   #8 0x64ac0a99686b <unknown>\n   #9 0x64ac0a99a885 <unknown>\n   #10 0x64ac0a984181 <unknown>\n   #11 0x64ac0a99b412 <unknown>\n   #12 0x64ac0a96825f <unknown>\n   #13 0x64ac0a9bf528 <unknown>\n   #14 0x64ac0a9bf723 <unknown>\n   #15 0x64ac0a9d00e4 <unknown>\n   #16 0x77b8cac94ac3 <unknown>\n", "test_name": "test_lm_regression_suite[Zctest]", "rerun": "0"}}, "suite_name": "test_LM_RegressionSuite.py"}}}, "date": "July 03, 2024", "start_time": 1720007209.177979, "total_suite": 1, "status": "FAIL", "status_list": {"pass": "0", "fail": "1", "skip": "0", "error": "0", "xpass": "0", "xfail": "0", "rerun": "0"}, "total_tests": "1"}