{"content": {"suites": {"0": {"status": {"total_pass": 7, "total_skip": 0, "total_xpass": 0, "total_xfail": 0, "total_rerun": 0, "total_fail": 2, "total_error": 0}, "tests": {"0": {"status": "PASS", "message": "", "test_name": "test_lm_regression_suite[Mactrackau]", "rerun": "0"}, "1": {"status": "PASS", "message": "", "test_name": "test_lm_regression_suite[Charteredgreentech]", "rerun": "0"}, "2": {"status": "PASS", "message": "", "test_name": "test_lm_regression_suite[Argus]", "rerun": "0"}, "3": {"status": "PASS", "message": "", "test_name": "test_lm_regression_suite[Quantatec]", "rerun": "0"}, "4": {"status": "FAIL", "message": "   selenium.common.exceptions.TimeoutException: Message: timeout: Timed out receiving message from renderer: 300.000\n     (Session info: chrome=122.0.6261.111)\n   Stacktrace:\n   #0 0x55926187ff33 <unknown>\n   #1 0x559261577ce6 <unknown>\n   #2 0x55926155f071 <unknown>\n   #3 0x55926155edb3 <unknown>\n   #4 0x55926155d814 <unknown>\n   #5 0x55926155df1f <unknown>\n   #6 0x55926156e185 <unknown>\n   #7 0x5592615838ac <unknown>\n   #8 0x559261588e8b <unknown>\n   #9 0x55926155e5ae <unknown>\n   #10 0x559261583624 <unknown>\n   #11 0x559261603762 <unknown>\n   #12 0x5592615e4c53 <unknown>\n   #13 0x5592615b5db3 <unknown>\n   #14 0x5592615b677e <unknown>\n   #15 0x55926184586b <unknown>\n   #16 0x559261849885 <unknown>\n   #17 0x559261833181 <unknown>\n   #18 0x55926184a412 <unknown>\n   #19 0x55926181725f <unknown>\n   #20 0x55926186e528 <unknown>\n   #21 0x55926186e723 <unknown>\n   #22 0x55926187f0e4 <unknown>\n   #23 0x74ac77094ac3 <unknown>\n", "test_name": "test_lm_regression_suite[Safefleet]", "rerun": "0"}, "5": {"status": "FAIL", "message": "   selenium.common.exceptions.NoSuchElementException: Message: no such element: Unable to locate element: {\"method\":\"xpath\",\"selector\":\"//app-feature-announcement[@class='ng-star-inserted']/div/div/div\"}\n     (Session info: chrome=122.0.6261.111); For documentation on this error, please visit: https://www.selenium.dev/documentation/webdriver/troubleshooting/errors#no-such-element-exception\n   Stacktrace:\n   #0 0x55cf21723f33 <unknown>\n   #1 0x55cf2141bce6 <unknown>\n   #2 0x55cf21466e48 <unknown>\n   #3 0x55cf21466f01 <unknown>\n   #4 0x55cf214aa3f4 <unknown>\n   #5 0x55cf21488edd <unknown>\n   #6 0x55cf214a7899 <unknown>\n   #7 0x55cf21488c53 <unknown>\n   #8 0x55cf21459db3 <unknown>\n   #9 0x55cf2145a77e <unknown>\n   #10 0x55cf216e986b <unknown>\n   #11 0x55cf216ed885 <unknown>\n   #12 0x55cf216d7181 <unknown>\n   #13 0x55cf216ee412 <unknown>\n   #14 0x55cf216bb25f <unknown>\n   #15 0x55cf21712528 <unknown>\n   #16 0x55cf21712723 <unknown>\n   #17 0x55cf217230e4 <unknown>\n   #18 0x7a5f58c94ac3 <unknown>\n   selenium.common.exceptions.NoSuchElementException: Message: no such element: Unable to locate element: {\"method\":\"xpath\",\"selector\":\"//app-home[@class='ng-star-inserted']//app-header/mat-toolbar/div[2]/div/h3\"}\n     (Session info: chrome=122.0.6261.111); For documentation on this error, please visit: https://www.selenium.dev/documentation/webdriver/troubleshooting/errors#no-such-element-exception\n   Stacktrace:\n   #0 0x55cf21723f33 <unknown>\n   #1 0x55cf2141bce6 <unknown>\n   #2 0x55cf21466e48 <unknown>\n   #3 0x55cf21466f01 <unknown>\n   #4 0x55cf214aa3f4 <unknown>\n   #5 0x55cf21488edd <unknown>\n   #6 0x55cf214a7899 <unknown>\n   #7 0x55cf21488c53 <unknown>\n   #8 0x55cf21459db3 <unknown>\n   #9 0x55cf2145a77e <unknown>\n   #10 0x55cf216e986b <unknown>\n   #11 0x55cf216ed885 <unknown>\n   #12 0x55cf216d7181 <unknown>\n   #13 0x55cf216ee412 <unknown>\n   #14 0x55cf216bb25f <unknown>\n   #15 0x55cf21712528 <unknown>\n   #16 0x55cf21712723 <unknown>\n   #17 0x55cf217230e4 <unknown>\n   #18 0x7a5f58c94ac3 <unknown>\n", "test_name": "test_lm_regression_suite[Michelin]", "rerun": "0"}, "6": {"status": "PASS", "message": "", "test_name": "test_lm_regression_suite[Assuredtechmatics]", "rerun": "0"}, "7": {"status": "PASS", "message": "", "test_name": "test_lm_regression_suite[Bigchange]", "rerun": "0"}, "8": {"status": "PASS", "message": "", "test_name": "test_lm_regression_suite[Coltrack]", "rerun": "0"}}, "suite_name": "test_LM_RegressionSuite.py"}}}, "date": "January 16, 2025", "start_time": 1737016224.8984284, "total_suite": 1, "status": "FAIL", "status_list": {"pass": "7", "fail": "2", "skip": "0", "error": "0", "xpass": "0", "xfail": "0", "rerun": "0"}, "total_tests": "9"}