{"content": {"suites": {"0": {"status": {"total_pass": 2, "total_skip": 0, "total_xpass": 0, "total_xfail": 0, "total_rerun": 0, "total_fail": 3, "total_error": 0}, "tests": {"0": {"status": "PASS", "message": "", "test_name": "test_lm_regression_suite[Advtracking]", "rerun": "0"}, "1": {"status": "PASS", "message": "", "test_name": "test_lm_regression_suite[lmpresales]", "rerun": "0"}, "2": {"status": "FAIL", "message": "   selenium.common.exceptions.NoSuchElementException: Message: no such element: Unable to locate element: {\"method\":\"xpath\",\"selector\":\"//h3[text()='Feature Announcement']/following-sibling::mat-chip-list/div/mat-chip\"}\n     (Session info: chrome=118.0.5993.70); For documentation on this error, please visit: https://www.selenium.dev/documentation/webdriver/troubleshooting/errors#no-such-element-exception\n   Stacktrace:\n   #0 0x55d2660b7fb3 <unknown>\n   #1 0x55d265d8b4a7 <unknown>\n   #2 0x55d265dd2dd6 <unknown>\n   #3 0x55d265dd2ec1 <unknown>\n   #4 0x55d265e10354 <unknown>\n   #5 0x55d265df496d <unknown>\n   #6 0x55d265e0dc02 <unknown>\n   #7 0x55d265df4713 <unknown>\n   #8 0x55d265dc718b <unknown>\n   #9 0x55d265dc7f7e <unknown>\n   #10 0x55d26607d8d8 <unknown>\n   #11 0x55d266081800 <unknown>\n   #12 0x55d26608bcfc <unknown>\n   #13 0x55d266082418 <unknown>\n   #14 0x55d26604f42f <unknown>\n   #15 0x55d2660a64e8 <unknown>\n   #16 0x55d2660a66b4 <unknown>\n   #17 0x55d2660b7143 <unknown>\n   #18 0x7fb6a8690402 <unknown>\n", "test_name": "test_lm_regression_suite[geotab]", "rerun": "0"}, "3": {"status": "FAIL", "message": "   selenium.common.exceptions.NoSuchElementException: Message: no such element: Unable to locate element: {\"method\":\"xpath\",\"selector\":\"(//input[@id='signInFormUsername'])[2]\"}\n     (Session info: chrome=118.0.5993.70); For documentation on this error, please visit: https://www.selenium.dev/documentation/webdriver/troubleshooting/errors#no-such-element-exception\n   Stacktrace:\n   #0 0x55d2660b7fb3 <unknown>\n   #1 0x55d265d8b4a7 <unknown>\n   #2 0x55d265dd2dd6 <unknown>\n   #3 0x55d265dd2ec1 <unknown>\n   #4 0x55d265e10354 <unknown>\n   #5 0x55d265df496d <unknown>\n   #6 0x55d265e0dc02 <unknown>\n   #7 0x55d265df4713 <unknown>\n   #8 0x55d265dc718b <unknown>\n   #9 0x55d265dc7f7e <unknown>\n   #10 0x55d26607d8d8 <unknown>\n   #11 0x55d266081800 <unknown>\n   #12 0x55d26608bcfc <unknown>\n   #13 0x55d266082418 <unknown>\n   #14 0x55d26604f42f <unknown>\n   #15 0x55d2660a64e8 <unknown>\n   #16 0x55d2660a66b4 <unknown>\n   #17 0x55d2660b7143 <unknown>\n   #18 0x7fb6a8690402 <unknown>\n", "test_name": "test_lm_regression_suite[Kynection]", "rerun": "0"}, "4": {"status": "FAIL", "message": "   selenium.common.exceptions.NoSuchElementException: Message: no such element: Unable to locate element: {\"method\":\"xpath\",\"selector\":\"(//input[@id='signInFormUsername'])[2]\"}\n     (Session info: chrome=118.0.5993.70); For documentation on this error, please visit: https://www.selenium.dev/documentation/webdriver/troubleshooting/errors#no-such-element-exception\n   Stacktrace:\n   #0 0x55d2660b7fb3 <unknown>\n   #1 0x55d265d8b4a7 <unknown>\n   #2 0x55d265dd2dd6 <unknown>\n   #3 0x55d265dd2ec1 <unknown>\n   #4 0x55d265e10354 <unknown>\n   #5 0x55d265df496d <unknown>\n   #6 0x55d265e0dc02 <unknown>\n   #7 0x55d265df4713 <unknown>\n   #8 0x55d265dc718b <unknown>\n   #9 0x55d265dc7f7e <unknown>\n   #10 0x55d26607d8d8 <unknown>\n   #11 0x55d266081800 <unknown>\n   #12 0x55d26608bcfc <unknown>\n   #13 0x55d266082418 <unknown>\n   #14 0x55d26604f42f <unknown>\n   #15 0x55d2660a64e8 <unknown>\n   #16 0x55d2660a66b4 <unknown>\n   #17 0x55d2660b7143 <unknown>\n   #18 0x7fb6a8690402 <unknown>\n", "test_name": "test_lm_regression_suite[Attrix]", "rerun": "0"}}, "suite_name": "test_LM_RegressionSuite.py"}}}, "date": "November 06, 2023", "start_time": 1699267751.7990077, "total_suite": 1, "status": "FAIL", "status_list": {"pass": "2", "fail": "3", "skip": "0", "error": "0", "xpass": "0", "xfail": "0", "rerun": "0"}, "total_tests": "5"}