{"content": {"suites": {"0": {"status": {"total_pass": 0, "total_skip": 0, "total_xpass": 0, "total_xfail": 0, "total_rerun": 0, "total_fail": 1, "total_error": 0}, "tests": {"0": {"status": "FAIL", "message": "   selenium.common.exceptions.NoSuchElementException: Message: no such element: Unable to locate element: {\"method\":\"xpath\",\"selector\":\"//app-feature-announcement[@class='ng-star-inserted']/div/div/div\"}\n     (Session info: chrome=122.0.6261.111); For documentation on this error, please visit: https://www.selenium.dev/documentation/webdriver/troubleshooting/errors#no-such-element-exception\n   Stacktrace:\n   #0 0x5c2482898f33 <unknown>\n   #1 0x5c2482590ce6 <unknown>\n   #2 0x5c24825dbe48 <unknown>\n   #3 0x5c24825dbf01 <unknown>\n   #4 0x5c248261f3f4 <unknown>\n   #5 0x5c24825fdedd <unknown>\n   #6 0x5c248261c899 <unknown>\n   #7 0x5c24825fdc53 <unknown>\n   #8 0x5c24825cedb3 <unknown>\n   #9 0x5c24825cf77e <unknown>\n   #10 0x5c248285e86b <unknown>\n   #11 0x5c2482862885 <unknown>\n   #12 0x5c248284c181 <unknown>\n   #13 0x5c2482863412 <unknown>\n   #14 0x5c248283025f <unknown>\n   #15 0x5c2482887528 <unknown>\n   #16 0x5c2482887723 <unknown>\n   #17 0x5c24828980e4 <unknown>\n   #18 0x7d4a1e694ac3 <unknown>\n   selenium.common.exceptions.NoSuchElementException: Message: no such element: Unable to locate element: {\"method\":\"xpath\",\"selector\":\"//app-home[@class='ng-star-inserted']//app-header/mat-toolbar/div[2]/span\"}\n     (Session info: chrome=122.0.6261.111); For documentation on this error, please visit: https://www.selenium.dev/documentation/webdriver/troubleshooting/errors#no-such-element-exception\n   Stacktrace:\n   #0 0x5c2482898f33 <unknown>\n   #1 0x5c2482590ce6 <unknown>\n   #2 0x5c24825dbe48 <unknown>\n   #3 0x5c24825dbf01 <unknown>\n   #4 0x5c248261f3f4 <unknown>\n   #5 0x5c24825fdedd <unknown>\n   #6 0x5c248261c899 <unknown>\n   #7 0x5c24825fdc53 <unknown>\n   #8 0x5c24825cedb3 <unknown>\n   #9 0x5c24825cf77e <unknown>\n   #10 0x5c248285e86b <unknown>\n   #11 0x5c2482862885 <unknown>\n   #12 0x5c248284c181 <unknown>\n   #13 0x5c2482863412 <unknown>\n   #14 0x5c248283025f <unknown>\n   #15 0x5c2482887528 <unknown>\n   #16 0x5c2482887723 <unknown>\n   #17 0x5c24828980e4 <unknown>\n   #18 0x7d4a1e694ac3 <unknown>\n", "test_name": "test_lm_regression_suite[Lmpresales]", "rerun": "0"}}, "suite_name": "test_LM_RegressionSuite.py"}}}, "date": "November 27, 2024", "start_time": 1732685388.2507415, "total_suite": 1, "status": "FAIL", "status_list": {"pass": "0", "fail": "1", "skip": "0", "error": "0", "xpass": "0", "xfail": "0", "rerun": "0"}, "total_tests": "1"}