{"content": {"suites": {"0": {"status": {"total_pass": 0, "total_skip": 0, "total_xpass": 0, "total_xfail": 0, "total_rerun": 0, "total_fail": 3, "total_error": 0}, "tests": {"0": {"status": "FAIL", "message": "   selenium.common.exceptions.NoSuchElementException: Message: no such element: Unable to locate element: {\"method\":\"xpath\",\"selector\":\"//h3[text()='Feature Announcement']/following-sibling::mat-chip-list/div/mat-chip\"}\n     (Session info: chrome=118.0.5993.70); For documentation on this error, please visit: https://www.selenium.dev/documentation/webdriver/troubleshooting/errors#no-such-element-exception\n   Stacktrace:\n   #0 0x564f6c722fb3 <unknown>\n   #1 0x564f6c3f64a7 <unknown>\n   #2 0x564f6c43ddd6 <unknown>\n   #3 0x564f6c43dec1 <unknown>\n   #4 0x564f6c47b354 <unknown>\n   #5 0x564f6c45f96d <unknown>\n   #6 0x564f6c478c02 <unknown>\n   #7 0x564f6c45f713 <unknown>\n   #8 0x564f6c43218b <unknown>\n   #9 0x564f6c432f7e <unknown>\n   #10 0x564f6c6e88d8 <unknown>\n   #11 0x564f6c6ec800 <unknown>\n   #12 0x564f6c6f6cfc <unknown>\n   #13 0x564f6c6ed418 <unknown>\n   #14 0x564f6c6ba42f <unknown>\n   #15 0x564f6c7114e8 <unknown>\n   #16 0x564f6c7116b4 <unknown>\n   #17 0x564f6c722143 <unknown>\n   #18 0x7fe306a90402 <unknown>\n", "test_name": "test_lm_regression_suite[Kynection]", "rerun": "0"}, "1": {"status": "FAIL", "message": "   selenium.common.exceptions.NoSuchElementException: Message: no such element: Unable to locate element: {\"method\":\"xpath\",\"selector\":\"(//input[@id='signInFormUsername'])[2]\"}\n     (Session info: chrome=118.0.5993.70); For documentation on this error, please visit: https://www.selenium.dev/documentation/webdriver/troubleshooting/errors#no-such-element-exception\n   Stacktrace:\n   #0 0x564f6c722fb3 <unknown>\n   #1 0x564f6c3f64a7 <unknown>\n   #2 0x564f6c43ddd6 <unknown>\n   #3 0x564f6c43dec1 <unknown>\n   #4 0x564f6c47b354 <unknown>\n   #5 0x564f6c45f96d <unknown>\n   #6 0x564f6c478c02 <unknown>\n   #7 0x564f6c45f713 <unknown>\n   #8 0x564f6c43218b <unknown>\n   #9 0x564f6c432f7e <unknown>\n   #10 0x564f6c6e88d8 <unknown>\n   #11 0x564f6c6ec800 <unknown>\n   #12 0x564f6c6f6cfc <unknown>\n   #13 0x564f6c6ed418 <unknown>\n   #14 0x564f6c6ba42f <unknown>\n   #15 0x564f6c7114e8 <unknown>\n   #16 0x564f6c7116b4 <unknown>\n   #17 0x564f6c722143 <unknown>\n   #18 0x7fe306a90402 <unknown>\n", "test_name": "test_lm_regression_suite[Attrix]", "rerun": "0"}, "2": {"status": "FAIL", "message": "   selenium.common.exceptions.NoSuchElementException: Message: no such element: Unable to locate element: {\"method\":\"xpath\",\"selector\":\"(//input[@id='signInFormUsername'])[2]\"}\n     (Session info: chrome=118.0.5993.70); For documentation on this error, please visit: https://www.selenium.dev/documentation/webdriver/troubleshooting/errors#no-such-element-exception\n   Stacktrace:\n   #0 0x564f6c722fb3 <unknown>\n   #1 0x564f6c3f64a7 <unknown>\n   #2 0x564f6c43ddd6 <unknown>\n   #3 0x564f6c43dec1 <unknown>\n   #4 0x564f6c47b354 <unknown>\n   #5 0x564f6c45f96d <unknown>\n   #6 0x564f6c478c02 <unknown>\n   #7 0x564f6c45f713 <unknown>\n   #8 0x564f6c43218b <unknown>\n   #9 0x564f6c432f7e <unknown>\n   #10 0x564f6c6e88d8 <unknown>\n   #11 0x564f6c6ec800 <unknown>\n   #12 0x564f6c6f6cfc <unknown>\n   #13 0x564f6c6ed418 <unknown>\n   #14 0x564f6c6ba42f <unknown>\n   #15 0x564f6c7114e8 <unknown>\n   #16 0x564f6c7116b4 <unknown>\n   #17 0x564f6c722143 <unknown>\n   #18 0x7fe306a90402 <unknown>\n", "test_name": "test_lm_regression_suite[Advtracking]", "rerun": "0"}}, "suite_name": "test_LM_RegressionSuite.py"}}}, "date": "November 06, 2023", "start_time": 1699260760.735535, "total_suite": 1, "status": "FAIL", "status_list": {"pass": "0", "fail": "3", "skip": "0", "error": "0", "xpass": "0", "xfail": "0", "rerun": "0"}, "total_tests": "3"}