{"content": {"suites": {"0": {"status": {"total_pass": 0, "total_skip": 0, "total_xpass": 0, "total_xfail": 0, "total_rerun": 0, "total_fail": 1, "total_error": 0}, "tests": {"0": {"status": "FAIL", "message": "   selenium.common.exceptions.NoSuchElementException: Message: no such element: Unable to locate element: {\"method\":\"xpath\",\"selector\":\"//h3[text()='Feature Announcement']/parent::div\"}\n     (Session info: chrome=122.0.6261.111); For documentation on this error, please visit: https://www.selenium.dev/documentation/webdriver/troubleshooting/errors#no-such-element-exception\n   Stacktrace:\n   #0 0x5e0f70bcdf33 <unknown>\n   #1 0x5e0f708c5ce6 <unknown>\n   #2 0x5e0f70910e48 <unknown>\n   #3 0x5e0f70910f01 <unknown>\n   #4 0x5e0f709543f4 <unknown>\n   #5 0x5e0f70932edd <unknown>\n   #6 0x5e0f70951899 <unknown>\n   #7 0x5e0f70932c53 <unknown>\n   #8 0x5e0f70903db3 <unknown>\n   #9 0x5e0f7090477e <unknown>\n   #10 0x5e0f70b9386b <unknown>\n   #11 0x5e0f70b97885 <unknown>\n   #12 0x5e0f70b81181 <unknown>\n   #13 0x5e0f70b98412 <unknown>\n   #14 0x5e0f70b6525f <unknown>\n   #15 0x5e0f70bbc528 <unknown>\n   #16 0x5e0f70bbc723 <unknown>\n   #17 0x5e0f70bcd0e4 <unknown>\n   #18 0x7c82cb294ac3 <unknown>\n   selenium.common.exceptions.NoSuchElementException: Message: no such element: Unable to locate element: {\"method\":\"xpath\",\"selector\":\"//app-home[@class='ng-star-inserted']//app-header/mat-toolbar/div[2]/span\"}\n     (Session info: chrome=122.0.6261.111); For documentation on this error, please visit: https://www.selenium.dev/documentation/webdriver/troubleshooting/errors#no-such-element-exception\n   Stacktrace:\n   #0 0x5e0f70bcdf33 <unknown>\n   #1 0x5e0f708c5ce6 <unknown>\n   #2 0x5e0f70910e48 <unknown>\n   #3 0x5e0f70910f01 <unknown>\n   #4 0x5e0f709543f4 <unknown>\n   #5 0x5e0f70932edd <unknown>\n   #6 0x5e0f70951899 <unknown>\n   #7 0x5e0f70932c53 <unknown>\n   #8 0x5e0f70903db3 <unknown>\n   #9 0x5e0f7090477e <unknown>\n   #10 0x5e0f70b9386b <unknown>\n   #11 0x5e0f70b97885 <unknown>\n   #12 0x5e0f70b81181 <unknown>\n   #13 0x5e0f70b98412 <unknown>\n   #14 0x5e0f70b6525f <unknown>\n   #15 0x5e0f70bbc528 <unknown>\n   #16 0x5e0f70bbc723 <unknown>\n   #17 0x5e0f70bcd0e4 <unknown>\n   #18 0x7c82cb294ac3 <unknown>\n", "test_name": "test_lm_regression_suite[Lmpresales]", "rerun": "0"}}, "suite_name": "test_LM_RegressionSuite.py"}}}, "date": "May 22, 2024", "start_time": 1716368245.4189975, "total_suite": 1, "status": "FAIL", "status_list": {"pass": "0", "fail": "1", "skip": "0", "error": "0", "xpass": "0", "xfail": "0", "rerun": "0"}, "total_tests": "1"}