{"content": {"suites": {"0": {"status": {"total_pass": 0, "total_skip": 0, "total_xpass": 0, "total_xfail": 0, "total_rerun": 0, "total_fail": 1, "total_error": 0}, "tests": {"0": {"status": "FAIL", "message": "   selenium.common.exceptions.NoSuchElementException: Message: no such element: Unable to locate element: {\"method\":\"xpath\",\"selector\":\"//app-feature-announcement[@class='ng-star-inserted']/div/div/div\"}\n     (Session info: chrome=122.0.6261.111); For documentation on this error, please visit: https://www.selenium.dev/documentation/webdriver/troubleshooting/errors#no-such-element-exception\n   Stacktrace:\n   #0 0x59979b32df33 <unknown>\n   #1 0x59979b025ce6 <unknown>\n   #2 0x59979b070e48 <unknown>\n   #3 0x59979b070f01 <unknown>\n   #4 0x59979b0b43f4 <unknown>\n   #5 0x59979b092edd <unknown>\n   #6 0x59979b0b1899 <unknown>\n   #7 0x59979b092c53 <unknown>\n   #8 0x59979b063db3 <unknown>\n   #9 0x59979b06477e <unknown>\n   #10 0x59979b2f386b <unknown>\n   #11 0x59979b2f7885 <unknown>\n   #12 0x59979b2e1181 <unknown>\n   #13 0x59979b2f8412 <unknown>\n   #14 0x59979b2c525f <unknown>\n   #15 0x59979b31c528 <unknown>\n   #16 0x59979b31c723 <unknown>\n   #17 0x59979b32d0e4 <unknown>\n   #18 0x76ad5e094ac3 <unknown>\n   selenium.common.exceptions.NoSuchElementException: Message: no such element: Unable to locate element: {\"method\":\"xpath\",\"selector\":\"//app-home[@class='ng-star-inserted']//app-header/mat-toolbar/div[2]/span\"}\n     (Session info: chrome=122.0.6261.111); For documentation on this error, please visit: https://www.selenium.dev/documentation/webdriver/troubleshooting/errors#no-such-element-exception\n   Stacktrace:\n   #0 0x59979b32df33 <unknown>\n   #1 0x59979b025ce6 <unknown>\n   #2 0x59979b070e48 <unknown>\n   #3 0x59979b070f01 <unknown>\n   #4 0x59979b0b43f4 <unknown>\n   #5 0x59979b092edd <unknown>\n   #6 0x59979b0b1899 <unknown>\n   #7 0x59979b092c53 <unknown>\n   #8 0x59979b063db3 <unknown>\n   #9 0x59979b06477e <unknown>\n   #10 0x59979b2f386b <unknown>\n   #11 0x59979b2f7885 <unknown>\n   #12 0x59979b2e1181 <unknown>\n   #13 0x59979b2f8412 <unknown>\n   #14 0x59979b2c525f <unknown>\n   #15 0x59979b31c528 <unknown>\n   #16 0x59979b31c723 <unknown>\n   #17 0x59979b32d0e4 <unknown>\n   #18 0x76ad5e094ac3 <unknown>\n", "test_name": "test_lm_regression_suite[Zctest]", "rerun": "0"}}, "suite_name": "test_LM_RegressionSuite.py"}}}, "date": "November 12, 2024", "start_time": 1731410436.1018398, "total_suite": 1, "status": "FAIL", "status_list": {"pass": "0", "fail": "1", "skip": "0", "error": "0", "xpass": "0", "xfail": "0", "rerun": "0"}, "total_tests": "1"}