{"content": {"suites": {"0": {"status": {"total_pass": 0, "total_skip": 0, "total_xpass": 0, "total_xfail": 0, "total_rerun": 0, "total_fail": 1, "total_error": 0}, "tests": {"0": {"status": "FAIL", "message": "   selenium.common.exceptions.NoSuchWindowException: Message: no such window: target window already closed\n   from unknown error: web view not found\n     (Session info: chrome=122.0.6261.111)\n   Stacktrace:\n   #0 0x575235bc5f33 <unknown>\n   #1 0x5752358bdce6 <unknown>\n   #2 0x5752358948cd <unknown>\n   #3 0x57523593376d <unknown>\n   #4 0x575235949226 <unknown>\n   #5 0x57523592ac53 <unknown>\n   #6 0x5752358fbdb3 <unknown>\n   #7 0x5752358fc77e <unknown>\n   #8 0x575235b8b86b <unknown>\n   #9 0x575235b8f885 <unknown>\n   #10 0x575235b79181 <unknown>\n   #11 0x575235b90412 <unknown>\n   #12 0x575235b5d25f <unknown>\n   #13 0x575235bb4528 <unknown>\n   #14 0x575235bb4723 <unknown>\n   #15 0x575235bc50e4 <unknown>\n   #16 0x711de8694ac3 <unknown>\n   selenium.common.exceptions.NoSuchWindowException: Message: no such window: target window already closed\n   from unknown error: web view not found\n     (Session info: chrome=122.0.6261.111)\n   Stacktrace:\n   #0 0x575235bc5f33 <unknown>\n   #1 0x5752358bdce6 <unknown>\n   #2 0x5752358948cd <unknown>\n   #3 0x57523593376d <unknown>\n   #4 0x575235949226 <unknown>\n   #5 0x57523592ac53 <unknown>\n   #6 0x5752358fbdb3 <unknown>\n   #7 0x5752358fc77e <unknown>\n   #8 0x575235b8b86b <unknown>\n   #9 0x575235b8f885 <unknown>\n   #10 0x575235b79181 <unknown>\n   #11 0x575235b90412 <unknown>\n   #12 0x575235b5d25f <unknown>\n   #13 0x575235bb4528 <unknown>\n   #14 0x575235bb4723 <unknown>\n   #15 0x575235bc50e4 <unknown>\n   #16 0x711de8694ac3 <unknown>\n", "test_name": "test_lm_regression_suite[Lmpresales]", "rerun": "0"}}, "suite_name": "test_LM_RegressionSuite.py"}}}, "date": "March 18, 2025", "start_time": 1742278570.0285985, "total_suite": 1, "status": "FAIL", "status_list": {"pass": "0", "fail": "1", "skip": "0", "error": "0", "xpass": "0", "xfail": "0", "rerun": "0"}, "total_tests": "1"}