{"content": {"suites": {"0": {"status": {"total_pass": 0, "total_skip": 0, "total_xpass": 0, "total_xfail": 0, "total_rerun": 0, "total_fail": 3, "total_error": 0}, "tests": {"0": {"status": "FAIL", "message": "   selenium.common.exceptions.NoSuchElementException: Message: no such element: Unable to locate element: {\"method\":\"xpath\",\"selector\":\"//h3[text()='Feature Announcement']/following-sibling::mat-chip-list/div/mat-chip\"}\n     (Session info: chrome=118.0.5993.70); For documentation on this error, please visit: https://www.selenium.dev/documentation/webdriver/troubleshooting/errors#no-such-element-exception\n   Stacktrace:\n   #0 0x55b0e2d40fb3 <unknown>\n   #1 0x55b0e2a144a7 <unknown>\n   #2 0x55b0e2a5bdd6 <unknown>\n   #3 0x55b0e2a5bec1 <unknown>\n   #4 0x55b0e2a99354 <unknown>\n   #5 0x55b0e2a7d96d <unknown>\n   #6 0x55b0e2a96c02 <unknown>\n   #7 0x55b0e2a7d713 <unknown>\n   #8 0x55b0e2a5018b <unknown>\n   #9 0x55b0e2a50f7e <unknown>\n   #10 0x55b0e2d068d8 <unknown>\n   #11 0x55b0e2d0a800 <unknown>\n   #12 0x55b0e2d14cfc <unknown>\n   #13 0x55b0e2d0b418 <unknown>\n   #14 0x55b0e2cd842f <unknown>\n   #15 0x55b0e2d2f4e8 <unknown>\n   #16 0x55b0e2d2f6b4 <unknown>\n   #17 0x55b0e2d40143 <unknown>\n   #18 0x7f1d45890402 <unknown>\n", "test_name": "test_lm_regression_suite[Kynection]", "rerun": "0"}, "1": {"status": "FAIL", "message": "   selenium.common.exceptions.NoSuchElementException: Message: no such element: Unable to locate element: {\"method\":\"xpath\",\"selector\":\"//span[contains(text(),'lmpresales')]/following-sibling::mat-icon\"}\n     (Session info: chrome=118.0.5993.70); For documentation on this error, please visit: https://www.selenium.dev/documentation/webdriver/troubleshooting/errors#no-such-element-exception\n   Stacktrace:\n   #0 0x55b0e2d40fb3 <unknown>\n   #1 0x55b0e2a144a7 <unknown>\n   #2 0x55b0e2a5bdd6 <unknown>\n   #3 0x55b0e2a5bec1 <unknown>\n   #4 0x55b0e2a99354 <unknown>\n   #5 0x55b0e2a7d96d <unknown>\n   #6 0x55b0e2a96c02 <unknown>\n   #7 0x55b0e2a7d713 <unknown>\n   #8 0x55b0e2a5018b <unknown>\n   #9 0x55b0e2a50f7e <unknown>\n   #10 0x55b0e2d068d8 <unknown>\n   #11 0x55b0e2d0a800 <unknown>\n   #12 0x55b0e2d14cfc <unknown>\n   #13 0x55b0e2d0b418 <unknown>\n   #14 0x55b0e2cd842f <unknown>\n   #15 0x55b0e2d2f4e8 <unknown>\n   #16 0x55b0e2d2f6b4 <unknown>\n   #17 0x55b0e2d40143 <unknown>\n   #18 0x7f1d45890402 <unknown>\n", "test_name": "test_lm_regression_suite[Attrix]", "rerun": "0"}, "2": {"status": "FAIL", "message": "   selenium.common.exceptions.NoSuchElementException: Message: no such element: Unable to locate element: {\"method\":\"xpath\",\"selector\":\"//span[contains(text(),'lmpresales')]/following-sibling::mat-icon\"}\n     (Session info: chrome=118.0.5993.70); For documentation on this error, please visit: https://www.selenium.dev/documentation/webdriver/troubleshooting/errors#no-such-element-exception\n   Stacktrace:\n   #0 0x55b0e2d40fb3 <unknown>\n   #1 0x55b0e2a144a7 <unknown>\n   #2 0x55b0e2a5bdd6 <unknown>\n   #3 0x55b0e2a5bec1 <unknown>\n   #4 0x55b0e2a99354 <unknown>\n   #5 0x55b0e2a7d96d <unknown>\n   #6 0x55b0e2a96c02 <unknown>\n   #7 0x55b0e2a7d713 <unknown>\n   #8 0x55b0e2a5018b <unknown>\n   #9 0x55b0e2a50f7e <unknown>\n   #10 0x55b0e2d068d8 <unknown>\n   #11 0x55b0e2d0a800 <unknown>\n   #12 0x55b0e2d14cfc <unknown>\n   #13 0x55b0e2d0b418 <unknown>\n   #14 0x55b0e2cd842f <unknown>\n   #15 0x55b0e2d2f4e8 <unknown>\n   #16 0x55b0e2d2f6b4 <unknown>\n   #17 0x55b0e2d40143 <unknown>\n   #18 0x7f1d45890402 <unknown>\n", "test_name": "test_lm_regression_suite[Advtracking]", "rerun": "0"}}, "suite_name": "test_LM_RegressionSuite.py"}}}, "date": "November 06, 2023", "start_time": 1699261928.6048255, "total_suite": 1, "status": "FAIL", "status_list": {"pass": "0", "fail": "3", "skip": "0", "error": "0", "xpass": "0", "xfail": "0", "rerun": "0"}, "total_tests": "3"}