{"content": {"suites": {"0": {"status": {"total_pass": 0, "total_skip": 0, "total_xpass": 0, "total_xfail": 0, "total_rerun": 0, "total_fail": 7, "total_error": 0}, "tests": {"0": {"status": "FAIL", "message": "   selenium.common.exceptions.ElementClickInterceptedException: Message: element click intercepted: Element <a _ngcontent-vnx-c240=\"\" color=\"primary\" mat-list-item=\"\" routerlinkactive=\"active\" class=\"mat-list-item mat-focus-indicator nav-item ng-star-inserted\" href=\"/accounts\" style=\"\">...</a> is not clickable at point (110, 184). Other element would receive the click: <div class=\"cdk-overlay-backdrop cdk-overlay-dark-backdrop cdk-overlay-backdrop-showing\"></div>\n     (Session info: chrome=118.0.5993.70)\n   Stacktrace:\n   #0 0x5578f9121fb3 <unknown>\n   #1 0x5578f8df54a7 <unknown>\n   #2 0x5578f8e42ecd <unknown>\n   #3 0x5578f8e4126d <unknown>\n   #4 0x5578f8e3f028 <unknown>\n   #5 0x5578f8e3e097 <unknown>\n   #6 0x5578f8e32d59 <unknown>\n   #7 0x5578f8e5e942 <unknown>\n   #8 0x5578f8e32776 <unknown>\n   #9 0x5578f8e5eb0e <unknown>\n   #10 0x5578f8e77c02 <unknown>\n   #11 0x5578f8e5e713 <unknown>\n   #12 0x5578f8e3118b <unknown>\n   #13 0x5578f8e31f7e <unknown>\n   #14 0x5578f90e78d8 <unknown>\n   #15 0x5578f90eb800 <unknown>\n   #16 0x5578f90f5cfc <unknown>\n   #17 0x5578f90ec418 <unknown>\n   #18 0x5578f90b942f <unknown>\n   #19 0x5578f91104e8 <unknown>\n   #20 0x5578f91106b4 <unknown>\n   #21 0x5578f9121143 <unknown>\n   #22 0x7f4ea6e90402 <unknown>\n", "test_name": "test_lm_regression_suite[Fleetilla]", "rerun": "0"}, "1": {"status": "FAIL", "message": "   selenium.common.exceptions.NoSuchElementException: Message: no such element: Unable to locate element: {\"method\":\"xpath\",\"selector\":\"(//input[@id='signInFormUsername'])[2]\"}\n     (Session info: chrome=118.0.5993.70); For documentation on this error, please visit: https://www.selenium.dev/documentation/webdriver/troubleshooting/errors#no-such-element-exception\n   Stacktrace:\n   #0 0x5578f9121fb3 <unknown>\n   #1 0x5578f8df54a7 <unknown>\n   #2 0x5578f8e3cdd6 <unknown>\n   #3 0x5578f8e3cec1 <unknown>\n   #4 0x5578f8e7a354 <unknown>\n   #5 0x5578f8e5e96d <unknown>\n   #6 0x5578f8e77c02 <unknown>\n   #7 0x5578f8e5e713 <unknown>\n   #8 0x5578f8e3118b <unknown>\n   #9 0x5578f8e31f7e <unknown>\n   #10 0x5578f90e78d8 <unknown>\n   #11 0x5578f90eb800 <unknown>\n   #12 0x5578f90f5cfc <unknown>\n   #13 0x5578f90ec418 <unknown>\n   #14 0x5578f90b942f <unknown>\n   #15 0x5578f91104e8 <unknown>\n   #16 0x5578f91106b4 <unknown>\n   #17 0x5578f9121143 <unknown>\n   #18 0x7f4ea6e90402 <unknown>\n", "test_name": "test_lm_regression_suite[Polysurance]", "rerun": "0"}, "2": {"status": "FAIL", "message": "   selenium.common.exceptions.NoSuchElementException: Message: no such element: Unable to locate element: {\"method\":\"xpath\",\"selector\":\"(//input[@id='signInFormUsername'])[2]\"}\n     (Session info: chrome=118.0.5993.70); For documentation on this error, please visit: https://www.selenium.dev/documentation/webdriver/troubleshooting/errors#no-such-element-exception\n   Stacktrace:\n   #0 0x5578f9121fb3 <unknown>\n   #1 0x5578f8df54a7 <unknown>\n   #2 0x5578f8e3cdd6 <unknown>\n   #3 0x5578f8e3cec1 <unknown>\n   #4 0x5578f8e7a354 <unknown>\n   #5 0x5578f8e5e96d <unknown>\n   #6 0x5578f8e77c02 <unknown>\n   #7 0x5578f8e5e713 <unknown>\n   #8 0x5578f8e3118b <unknown>\n   #9 0x5578f8e31f7e <unknown>\n   #10 0x5578f90e78d8 <unknown>\n   #11 0x5578f90eb800 <unknown>\n   #12 0x5578f90f5cfc <unknown>\n   #13 0x5578f90ec418 <unknown>\n   #14 0x5578f90b942f <unknown>\n   #15 0x5578f91104e8 <unknown>\n   #16 0x5578f91106b4 <unknown>\n   #17 0x5578f9121143 <unknown>\n   #18 0x7f4ea6e90402 <unknown>\n", "test_name": "test_lm_regression_suite[IntelliTrac]", "rerun": "0"}, "3": {"status": "FAIL", "message": "   selenium.common.exceptions.NoSuchElementException: Message: no such element: Unable to locate element: {\"method\":\"xpath\",\"selector\":\"(//input[@id='signInFormUsername'])[2]\"}\n     (Session info: chrome=118.0.5993.70); For documentation on this error, please visit: https://www.selenium.dev/documentation/webdriver/troubleshooting/errors#no-such-element-exception\n   Stacktrace:\n   #0 0x5578f9121fb3 <unknown>\n   #1 0x5578f8df54a7 <unknown>\n   #2 0x5578f8e3cdd6 <unknown>\n   #3 0x5578f8e3cec1 <unknown>\n   #4 0x5578f8e7a354 <unknown>\n   #5 0x5578f8e5e96d <unknown>\n   #6 0x5578f8e77c02 <unknown>\n   #7 0x5578f8e5e713 <unknown>\n   #8 0x5578f8e3118b <unknown>\n   #9 0x5578f8e31f7e <unknown>\n   #10 0x5578f90e78d8 <unknown>\n   #11 0x5578f90eb800 <unknown>\n   #12 0x5578f90f5cfc <unknown>\n   #13 0x5578f90ec418 <unknown>\n   #14 0x5578f90b942f <unknown>\n   #15 0x5578f91104e8 <unknown>\n   #16 0x5578f91106b4 <unknown>\n   #17 0x5578f9121143 <unknown>\n   #18 0x7f4ea6e90402 <unknown>\n", "test_name": "test_lm_regression_suite[Magtec Products]", "rerun": "0"}, "4": {"status": "FAIL", "message": "   selenium.common.exceptions.NoSuchElementException: Message: no such element: Unable to locate element: {\"method\":\"xpath\",\"selector\":\"(//input[@id='signInFormUsername'])[2]\"}\n     (Session info: chrome=118.0.5993.70); For documentation on this error, please visit: https://www.selenium.dev/documentation/webdriver/troubleshooting/errors#no-such-element-exception\n   Stacktrace:\n   #0 0x5578f9121fb3 <unknown>\n   #1 0x5578f8df54a7 <unknown>\n   #2 0x5578f8e3cdd6 <unknown>\n   #3 0x5578f8e3cec1 <unknown>\n   #4 0x5578f8e7a354 <unknown>\n   #5 0x5578f8e5e96d <unknown>\n   #6 0x5578f8e77c02 <unknown>\n   #7 0x5578f8e5e713 <unknown>\n   #8 0x5578f8e3118b <unknown>\n   #9 0x5578f8e31f7e <unknown>\n   #10 0x5578f90e78d8 <unknown>\n   #11 0x5578f90eb800 <unknown>\n   #12 0x5578f90f5cfc <unknown>\n   #13 0x5578f90ec418 <unknown>\n   #14 0x5578f90b942f <unknown>\n   #15 0x5578f91104e8 <unknown>\n   #16 0x5578f91106b4 <unknown>\n   #17 0x5578f9121143 <unknown>\n   #18 0x7f4ea6e90402 <unknown>\n", "test_name": "test_lm_regression_suite[IDriveCam]", "rerun": "0"}, "5": {"status": "FAIL", "message": "   selenium.common.exceptions.NoSuchElementException: Message: no such element: Unable to locate element: {\"method\":\"xpath\",\"selector\":\"(//input[@id='signInFormUsername'])[2]\"}\n     (Session info: chrome=118.0.5993.70); For documentation on this error, please visit: https://www.selenium.dev/documentation/webdriver/troubleshooting/errors#no-such-element-exception\n   Stacktrace:\n   #0 0x5578f9121fb3 <unknown>\n   #1 0x5578f8df54a7 <unknown>\n   #2 0x5578f8e3cdd6 <unknown>\n   #3 0x5578f8e3cec1 <unknown>\n   #4 0x5578f8e7a354 <unknown>\n   #5 0x5578f8e5e96d <unknown>\n   #6 0x5578f8e77c02 <unknown>\n   #7 0x5578f8e5e713 <unknown>\n   #8 0x5578f8e3118b <unknown>\n   #9 0x5578f8e31f7e <unknown>\n   #10 0x5578f90e78d8 <unknown>\n   #11 0x5578f90eb800 <unknown>\n   #12 0x5578f90f5cfc <unknown>\n   #13 0x5578f90ec418 <unknown>\n   #14 0x5578f90b942f <unknown>\n   #15 0x5578f91104e8 <unknown>\n   #16 0x5578f91106b4 <unknown>\n   #17 0x5578f9121143 <unknown>\n   #18 0x7f4ea6e90402 <unknown>\n", "test_name": "test_lm_regression_suite[MachineMax]", "rerun": "0"}, "6": {"status": "FAIL", "message": "   selenium.common.exceptions.NoSuchElementException: Message: no such element: Unable to locate element: {\"method\":\"xpath\",\"selector\":\"(//input[@id='signInFormUsername'])[2]\"}\n     (Session info: chrome=118.0.5993.70); For documentation on this error, please visit: https://www.selenium.dev/documentation/webdriver/troubleshooting/errors#no-such-element-exception\n   Stacktrace:\n   #0 0x5578f9121fb3 <unknown>\n   #1 0x5578f8df54a7 <unknown>\n   #2 0x5578f8e3cdd6 <unknown>\n   #3 0x5578f8e3cec1 <unknown>\n   #4 0x5578f8e7a354 <unknown>\n   #5 0x5578f8e5e96d <unknown>\n   #6 0x5578f8e77c02 <unknown>\n   #7 0x5578f8e5e713 <unknown>\n   #8 0x5578f8e3118b <unknown>\n   #9 0x5578f8e31f7e <unknown>\n   #10 0x5578f90e78d8 <unknown>\n   #11 0x5578f90eb800 <unknown>\n   #12 0x5578f90f5cfc <unknown>\n   #13 0x5578f90ec418 <unknown>\n   #14 0x5578f90b942f <unknown>\n   #15 0x5578f91104e8 <unknown>\n   #16 0x5578f91106b4 <unknown>\n   #17 0x5578f9121143 <unknown>\n   #18 0x7f4ea6e90402 <unknown>\n", "test_name": "test_lm_regression_suite[Inthic]", "rerun": "0"}}, "suite_name": "test_LM_RegressionSuite.py"}}}, "date": "November 10, 2023", "start_time": 1699618928.1748888, "total_suite": 1, "status": "FAIL", "status_list": {"pass": "0", "fail": "7", "skip": "0", "error": "0", "xpass": "0", "xfail": "0", "rerun": "0"}, "total_tests": "7"}