{"content": {"suites": {"0": {"status": {"total_pass": 9, "total_skip": 0, "total_xpass": 0, "total_xfail": 0, "total_rerun": 0, "total_fail": 1, "total_error": 0}, "tests": {"0": {"status": "PASS", "message": "", "test_name": "test_lm_regression_suite[Advtracking]", "rerun": "0"}, "1": {"status": "PASS", "message": "", "test_name": "test_lm_regression_suite[Kynection]", "rerun": "0"}, "2": {"status": "FAIL", "message": "   selenium.common.exceptions.NoSuchElementException: Message: no such element: Unable to locate element: {\"method\":\"xpath\",\"selector\":\"//app-feature-announcement[@class='ng-star-inserted']/div/div/div\"}\n     (Session info: chrome=122.0.6261.111); For documentation on this error, please visit: https://www.selenium.dev/documentation/webdriver/troubleshooting/errors#no-such-element-exception\n   Stacktrace:\n   #0 0x634941c6ef33 <unknown>\n   #1 0x634941966ce6 <unknown>\n   #2 0x6349419b1e48 <unknown>\n   #3 0x6349419b1f01 <unknown>\n   #4 0x6349419f53f4 <unknown>\n   #5 0x6349419d3edd <unknown>\n   #6 0x6349419f2899 <unknown>\n   #7 0x6349419d3c53 <unknown>\n   #8 0x6349419a4db3 <unknown>\n   #9 0x6349419a577e <unknown>\n   #10 0x634941c3486b <unknown>\n   #11 0x634941c38885 <unknown>\n   #12 0x634941c22181 <unknown>\n   #13 0x634941c39412 <unknown>\n   #14 0x634941c0625f <unknown>\n   #15 0x634941c5d528 <unknown>\n   #16 0x634941c5d723 <unknown>\n   #17 0x634941c6e0e4 <unknown>\n   #18 0x779273894ac3 <unknown>\n   selenium.common.exceptions.NoSuchElementException: Message: no such element: Unable to locate element: {\"method\":\"xpath\",\"selector\":\"//mat-toolbar[@class='mat-toolbar header mat-toolbar-single-row ng-star-inserted']/div[2]/div/h3\"}\n     (Session info: chrome=122.0.6261.111); For documentation on this error, please visit: https://www.selenium.dev/documentation/webdriver/troubleshooting/errors#no-such-element-exception\n   Stacktrace:\n   #0 0x634941c6ef33 <unknown>\n   #1 0x634941966ce6 <unknown>\n   #2 0x6349419b1e48 <unknown>\n   #3 0x6349419b1f01 <unknown>\n   #4 0x6349419f53f4 <unknown>\n   #5 0x6349419d3edd <unknown>\n   #6 0x6349419f2899 <unknown>\n   #7 0x6349419d3c53 <unknown>\n   #8 0x6349419a4db3 <unknown>\n   #9 0x6349419a577e <unknown>\n   #10 0x634941c3486b <unknown>\n   #11 0x634941c38885 <unknown>\n   #12 0x634941c22181 <unknown>\n   #13 0x634941c39412 <unknown>\n   #14 0x634941c0625f <unknown>\n   #15 0x634941c5d528 <unknown>\n   #16 0x634941c5d723 <unknown>\n   #17 0x634941c6e0e4 <unknown>\n   #18 0x779273894ac3 <unknown>\n", "test_name": "test_lm_regression_suite[Sensium]", "rerun": "0"}, "3": {"status": "PASS", "message": "", "test_name": "test_lm_regression_suite[Simplyunified]", "rerun": "0"}, "4": {"status": "PASS", "message": "", "test_name": "test_lm_regression_suite[Intellitrac]", "rerun": "0"}, "5": {"status": "PASS", "message": "", "test_name": "test_lm_regression_suite[Magtec]", "rerun": "0"}, "6": {"status": "PASS", "message": "", "test_name": "test_lm_regression_suite[Easitrack]", "rerun": "0"}, "7": {"status": "PASS", "message": "", "test_name": "test_lm_regression_suite[Iotab]", "rerun": "0"}, "8": {"status": "PASS", "message": "", "test_name": "test_lm_regression_suite[Blackboxcontrol]", "rerun": "0"}, "9": {"status": "PASS", "message": "", "test_name": "test_lm_regression_suite[Spireonstage]", "rerun": "0"}}, "suite_name": "test_LM_RegressionSuite.py"}}}, "date": "May 07, 2025", "start_time": 1746623349.610904, "total_suite": 1, "status": "FAIL", "status_list": {"pass": "9", "fail": "1", "skip": "0", "error": "0", "xpass": "0", "xfail": "0", "rerun": "0"}, "total_tests": "10"}