{"content": {"suites": {"0": {"status": {"total_pass": 7, "total_skip": 0, "total_xpass": 0, "total_xfail": 0, "total_rerun": 0, "total_fail": 1, "total_error": 0}, "tests": {"0": {"status": "PASS", "message": "", "test_name": "test_lm_regression_suite[Charteredgreentech]", "rerun": "0"}, "1": {"status": "PASS", "message": "", "test_name": "test_lm_regression_suite[Argus]", "rerun": "0"}, "2": {"status": "PASS", "message": "", "test_name": "test_lm_regression_suite[Quantatec]", "rerun": "0"}, "3": {"status": "PASS", "message": "", "test_name": "test_lm_regression_suite[Safefleet]", "rerun": "0"}, "4": {"status": "FAIL", "message": "   selenium.common.exceptions.NoSuchElementException: Message: no such element: Unable to locate element: {\"method\":\"xpath\",\"selector\":\"//app-feature-announcement[@class='ng-star-inserted']/div/div/div\"}\n     (Session info: chrome=122.0.6261.111); For documentation on this error, please visit: https://www.selenium.dev/documentation/webdriver/troubleshooting/errors#no-such-element-exception\n   Stacktrace:\n   #0 0x5f5836507f33 <unknown>\n   #1 0x5f58361ffce6 <unknown>\n   #2 0x5f583624ae48 <unknown>\n   #3 0x5f583624af01 <unknown>\n   #4 0x5f583628e3f4 <unknown>\n   #5 0x5f583626cedd <unknown>\n   #6 0x5f583628b899 <unknown>\n   #7 0x5f583626cc53 <unknown>\n   #8 0x5f583623ddb3 <unknown>\n   #9 0x5f583623e77e <unknown>\n   #10 0x5f58364cd86b <unknown>\n   #11 0x5f58364d1885 <unknown>\n   #12 0x5f58364bb181 <unknown>\n   #13 0x5f58364d2412 <unknown>\n   #14 0x5f583649f25f <unknown>\n   #15 0x5f58364f6528 <unknown>\n   #16 0x5f58364f6723 <unknown>\n   #17 0x5f58365070e4 <unknown>\n   #18 0x7f8ba4e94ac3 <unknown>\n   selenium.common.exceptions.NoSuchElementException: Message: no such element: Unable to locate element: {\"method\":\"xpath\",\"selector\":\"//app-home[@class='ng-star-inserted']//app-header/mat-toolbar/div[2]/div/h3\"}\n     (Session info: chrome=122.0.6261.111); For documentation on this error, please visit: https://www.selenium.dev/documentation/webdriver/troubleshooting/errors#no-such-element-exception\n   Stacktrace:\n   #0 0x5f5836507f33 <unknown>\n   #1 0x5f58361ffce6 <unknown>\n   #2 0x5f583624ae48 <unknown>\n   #3 0x5f583624af01 <unknown>\n   #4 0x5f583628e3f4 <unknown>\n   #5 0x5f583626cedd <unknown>\n   #6 0x5f583628b899 <unknown>\n   #7 0x5f583626cc53 <unknown>\n   #8 0x5f583623ddb3 <unknown>\n   #9 0x5f583623e77e <unknown>\n   #10 0x5f58364cd86b <unknown>\n   #11 0x5f58364d1885 <unknown>\n   #12 0x5f58364bb181 <unknown>\n   #13 0x5f58364d2412 <unknown>\n   #14 0x5f583649f25f <unknown>\n   #15 0x5f58364f6528 <unknown>\n   #16 0x5f58364f6723 <unknown>\n   #17 0x5f58365070e4 <unknown>\n   #18 0x7f8ba4e94ac3 <unknown>\n", "test_name": "test_lm_regression_suite[Michelin]", "rerun": "0"}, "5": {"status": "PASS", "message": "", "test_name": "test_lm_regression_suite[Assuredtechmatics]", "rerun": "0"}, "6": {"status": "PASS", "message": "", "test_name": "test_lm_regression_suite[Bigchange]", "rerun": "0"}, "7": {"status": "PASS", "message": "", "test_name": "test_lm_regression_suite[Coltrack]", "rerun": "0"}}, "suite_name": "test_LM_RegressionSuite.py"}}}, "date": "January 30, 2025", "start_time": 1738242841.3998456, "total_suite": 1, "status": "FAIL", "status_list": {"pass": "7", "fail": "1", "skip": "0", "error": "0", "xpass": "0", "xfail": "0", "rerun": "0"}, "total_tests": "8"}