{"content": {"suites": {"0": {"status": {"total_pass": 2, "total_skip": 1, "total_xpass": 0, "total_xfail": 0, "total_rerun": 0, "total_fail": 2, "total_error": 0}, "tests": {"0": {"status": "PASS", "message": "", "test_name": "test_lm_regression_suite[Advtracking]", "rerun": "0"}, "1": {"status": "PASS", "message": "", "test_name": "test_lm_regression_suite[lmpresales]", "rerun": "0"}, "2": {"status": "SKIP", "message": "('/home/a/PycharmProjects/LM_Regression/pageObjects/FleetPortalPage.py', 558, 'Skipped: ************ Driver card not displayed **********')\n", "test_name": "test_lm_regression_suite[geotab]", "rerun": "0"}, "3": {"status": "FAIL", "message": "   selenium.common.exceptions.NoSuchElementException: Message: no such element: Unable to locate element: {\"method\":\"xpath\",\"selector\":\"(//input[@id='signInFormUsername'])[2]\"}\n     (Session info: chrome=118.0.5993.70); For documentation on this error, please visit: https://www.selenium.dev/documentation/webdriver/troubleshooting/errors#no-such-element-exception\n   Stacktrace:\n   #0 0x561b62f7dfb3 <unknown>\n   #1 0x561b62c514a7 <unknown>\n   #2 0x561b62c98dd6 <unknown>\n   #3 0x561b62c98ec1 <unknown>\n   #4 0x561b62cd6354 <unknown>\n   #5 0x561b62cba96d <unknown>\n   #6 0x561b62cd3c02 <unknown>\n   #7 0x561b62cba713 <unknown>\n   #8 0x561b62c8d18b <unknown>\n   #9 0x561b62c8df7e <unknown>\n   #10 0x561b62f438d8 <unknown>\n   #11 0x561b62f47800 <unknown>\n   #12 0x561b62f51cfc <unknown>\n   #13 0x561b62f48418 <unknown>\n   #14 0x561b62f1542f <unknown>\n   #15 0x561b62f6c4e8 <unknown>\n   #16 0x561b62f6c6b4 <unknown>\n   #17 0x561b62f7d143 <unknown>\n   #18 0x7fd305890402 <unknown>\n", "test_name": "test_lm_regression_suite[Kynection]", "rerun": "0"}, "4": {"status": "FAIL", "message": "   selenium.common.exceptions.NoSuchElementException: Message: no such element: Unable to locate element: {\"method\":\"xpath\",\"selector\":\"(//input[@id='signInFormUsername'])[2]\"}\n     (Session info: chrome=118.0.5993.70); For documentation on this error, please visit: https://www.selenium.dev/documentation/webdriver/troubleshooting/errors#no-such-element-exception\n   Stacktrace:\n   #0 0x561b62f7dfb3 <unknown>\n   #1 0x561b62c514a7 <unknown>\n   #2 0x561b62c98dd6 <unknown>\n   #3 0x561b62c98ec1 <unknown>\n   #4 0x561b62cd6354 <unknown>\n   #5 0x561b62cba96d <unknown>\n   #6 0x561b62cd3c02 <unknown>\n   #7 0x561b62cba713 <unknown>\n   #8 0x561b62c8d18b <unknown>\n   #9 0x561b62c8df7e <unknown>\n   #10 0x561b62f438d8 <unknown>\n   #11 0x561b62f47800 <unknown>\n   #12 0x561b62f51cfc <unknown>\n   #13 0x561b62f48418 <unknown>\n   #14 0x561b62f1542f <unknown>\n   #15 0x561b62f6c4e8 <unknown>\n   #16 0x561b62f6c6b4 <unknown>\n   #17 0x561b62f7d143 <unknown>\n   #18 0x7fd305890402 <unknown>\n", "test_name": "test_lm_regression_suite[Attrix]", "rerun": "0"}}, "suite_name": "test_LM_RegressionSuite.py"}}}, "date": "November 06, 2023", "start_time": 1699272376.3004227, "total_suite": 1, "status": "FAIL", "status_list": {"pass": "2", "fail": "2", "skip": "1", "error": "0", "xpass": "0", "xfail": "0", "rerun": "0"}, "total_tests": "5"}