{"content": {"suites": {"0": {"status": {"total_pass": 2, "total_skip": 0, "total_xpass": 0, "total_xfail": 0, "total_rerun": 0, "total_fail": 3, "total_error": 0}, "tests": {"0": {"status": "PASS", "message": "", "test_name": "test_lm_regression_suite[Advtracking]", "rerun": "0"}, "1": {"status": "PASS", "message": "", "test_name": "test_lm_regression_suite[lmpresales]", "rerun": "0"}, "2": {"status": "FAIL", "message": "   selenium.common.exceptions.ElementClickInterceptedException: Message: element click intercepted: Element <button _ngcontent-egn-c207=\"\" mat-menu-item=\"\" class=\"mat-focus-indicator mat-menu-item ng-tns-c161-1 ng-star-inserted\" role=\"menuitem\" tabindex=\"0\" aria-disabled=\"false\" style=\"\">...</button> is not clickable at point (1792, 193). Other element would receive the click: <button _ngcontent-egn-c207=\"\" mat-menu-item=\"\" class=\"mat-focus-indicator mat-tooltip-trigger user-info mat-menu-item ng-tns-c161-1\" role=\"menuitem\" tabindex=\"0\" aria-disabled=\"false\" aria-describedby=\"cdk-describedby-message-egn-1-5\" cdk-describedby-host=\"egn-1\">...</button>\n     (Session info: chrome=118.0.5993.70)\n   Stacktrace:\n   #0 0x560c94cb0fb3 <unknown>\n   #1 0x560c949844a7 <unknown>\n   #2 0x560c949d1ecd <unknown>\n   #3 0x560c949d026d <unknown>\n   #4 0x560c949ce028 <unknown>\n   #5 0x560c949cd097 <unknown>\n   #6 0x560c949c1d59 <unknown>\n   #7 0x560c949ed942 <unknown>\n   #8 0x560c949c1776 <unknown>\n   #9 0x560c949edb0e <unknown>\n   #10 0x560c94a06c02 <unknown>\n   #11 0x560c949ed713 <unknown>\n   #12 0x560c949c018b <unknown>\n   #13 0x560c949c0f7e <unknown>\n   #14 0x560c94c768d8 <unknown>\n   #15 0x560c94c7a800 <unknown>\n   #16 0x560c94c84cfc <unknown>\n   #17 0x560c94c7b418 <unknown>\n   #18 0x560c94c4842f <unknown>\n   #19 0x560c94c9f4e8 <unknown>\n   #20 0x560c94c9f6b4 <unknown>\n   #21 0x560c94cb0143 <unknown>\n   #22 0x7ff0a0490402 <unknown>\n", "test_name": "test_lm_regression_suite[geotab]", "rerun": "0"}, "3": {"status": "FAIL", "message": "   selenium.common.exceptions.NoSuchElementException: Message: no such element: Unable to locate element: {\"method\":\"xpath\",\"selector\":\"(//input[@id='signInFormUsername'])[2]\"}\n     (Session info: chrome=118.0.5993.70); For documentation on this error, please visit: https://www.selenium.dev/documentation/webdriver/troubleshooting/errors#no-such-element-exception\n   Stacktrace:\n   #0 0x560c94cb0fb3 <unknown>\n   #1 0x560c949844a7 <unknown>\n   #2 0x560c949cbdd6 <unknown>\n   #3 0x560c949cbec1 <unknown>\n   #4 0x560c94a09354 <unknown>\n   #5 0x560c949ed96d <unknown>\n   #6 0x560c94a06c02 <unknown>\n   #7 0x560c949ed713 <unknown>\n   #8 0x560c949c018b <unknown>\n   #9 0x560c949c0f7e <unknown>\n   #10 0x560c94c768d8 <unknown>\n   #11 0x560c94c7a800 <unknown>\n   #12 0x560c94c84cfc <unknown>\n   #13 0x560c94c7b418 <unknown>\n   #14 0x560c94c4842f <unknown>\n   #15 0x560c94c9f4e8 <unknown>\n   #16 0x560c94c9f6b4 <unknown>\n   #17 0x560c94cb0143 <unknown>\n   #18 0x7ff0a0490402 <unknown>\n", "test_name": "test_lm_regression_suite[Kynection]", "rerun": "0"}, "4": {"status": "FAIL", "message": "   selenium.common.exceptions.NoSuchElementException: Message: no such element: Unable to locate element: {\"method\":\"xpath\",\"selector\":\"(//input[@id='signInFormUsername'])[2]\"}\n     (Session info: chrome=118.0.5993.70); For documentation on this error, please visit: https://www.selenium.dev/documentation/webdriver/troubleshooting/errors#no-such-element-exception\n   Stacktrace:\n   #0 0x560c94cb0fb3 <unknown>\n   #1 0x560c949844a7 <unknown>\n   #2 0x560c949cbdd6 <unknown>\n   #3 0x560c949cbec1 <unknown>\n   #4 0x560c94a09354 <unknown>\n   #5 0x560c949ed96d <unknown>\n   #6 0x560c94a06c02 <unknown>\n   #7 0x560c949ed713 <unknown>\n   #8 0x560c949c018b <unknown>\n   #9 0x560c949c0f7e <unknown>\n   #10 0x560c94c768d8 <unknown>\n   #11 0x560c94c7a800 <unknown>\n   #12 0x560c94c84cfc <unknown>\n   #13 0x560c94c7b418 <unknown>\n   #14 0x560c94c4842f <unknown>\n   #15 0x560c94c9f4e8 <unknown>\n   #16 0x560c94c9f6b4 <unknown>\n   #17 0x560c94cb0143 <unknown>\n   #18 0x7ff0a0490402 <unknown>\n", "test_name": "test_lm_regression_suite[Attrix]", "rerun": "0"}}, "suite_name": "test_LM_RegressionSuite.py"}}}, "date": "November 06, 2023", "start_time": 1699270337.3007362, "total_suite": 1, "status": "FAIL", "status_list": {"pass": "2", "fail": "3", "skip": "0", "error": "0", "xpass": "0", "xfail": "0", "rerun": "0"}, "total_tests": "5"}