{"content": {"suites": {"0": {"status": {"total_pass": 8, "total_skip": 1, "total_xpass": 0, "total_xfail": 0, "total_rerun": 0, "total_fail": 5, "total_error": 0}, "tests": {"0": {"status": "PASS", "message": "", "test_name": "test_lm_regression_suite[Advtracking]", "rerun": "0"}, "1": {"status": "PASS", "message": "", "test_name": "test_lm_regression_suite[Kynection]", "rerun": "0"}, "2": {"status": "PASS", "message": "", "test_name": "test_lm_regression_suite[Mitac]", "rerun": "0"}, "3": {"status": "PASS", "message": "", "test_name": "test_lm_regression_suite[Sensium]", "rerun": "0"}, "4": {"status": "SKIP", "message": "('/home/user/Downloads/LM_Regression/pageObjects/FleetPortalPage.py', 784, 'Skipped: ************ Download Report button not displayed **********')\n", "test_name": "test_lm_regression_suite[Simplyunified]", "rerun": "0"}, "5": {"status": "FAIL", "message": "   selenium.common.exceptions.NoSuchElementException: Message: no such element: Unable to locate element: {\"method\":\"xpath\",\"selector\":\"//button[@mattooltip='Launch fleet dashboard']\"}\n     (Session info: chrome=122.0.6261.111); For documentation on this error, please visit: https://www.selenium.dev/documentation/webdriver/troubleshooting/errors#no-such-element-exception\n   Stacktrace:\n   #0 0x5b83642f4f33 <unknown>\n   #1 0x5b8363fecce6 <unknown>\n   #2 0x5b8364037e48 <unknown>\n   #3 0x5b8364037f01 <unknown>\n   #4 0x5b836407b3f4 <unknown>\n   #5 0x5b8364059edd <unknown>\n   #6 0x5b8364078899 <unknown>\n   #7 0x5b8364059c53 <unknown>\n   #8 0x5b836402adb3 <unknown>\n   #9 0x5b836402b77e <unknown>\n   #10 0x5b83642ba86b <unknown>\n   #11 0x5b83642be885 <unknown>\n   #12 0x5b83642a8181 <unknown>\n   #13 0x5b83642bf412 <unknown>\n   #14 0x5b836428c25f <unknown>\n   #15 0x5b83642e3528 <unknown>\n   #16 0x5b83642e3723 <unknown>\n   #17 0x5b83642f40e4 <unknown>\n   #18 0x78e683c94ac3 <unknown>\n", "test_name": "test_lm_regression_suite[Tcvsat]", "rerun": "0"}, "6": {"status": "FAIL", "message": "   selenium.common.exceptions.NoSuchElementException: Message: no such element: Unable to locate element: {\"method\":\"xpath\",\"selector\":\"//button[@mattooltip='Launch fleet dashboard']\"}\n     (Session info: chrome=122.0.6261.111); For documentation on this error, please visit: https://www.selenium.dev/documentation/webdriver/troubleshooting/errors#no-such-element-exception\n   Stacktrace:\n   #0 0x64b711b5bf33 <unknown>\n   #1 0x64b711853ce6 <unknown>\n   #2 0x64b71189ee48 <unknown>\n   #3 0x64b71189ef01 <unknown>\n   #4 0x64b7118e23f4 <unknown>\n   #5 0x64b7118c0edd <unknown>\n   #6 0x64b7118df899 <unknown>\n   #7 0x64b7118c0c53 <unknown>\n   #8 0x64b711891db3 <unknown>\n   #9 0x64b71189277e <unknown>\n   #10 0x64b711b2186b <unknown>\n   #11 0x64b711b25885 <unknown>\n   #12 0x64b711b0f181 <unknown>\n   #13 0x64b711b26412 <unknown>\n   #14 0x64b711af325f <unknown>\n   #15 0x64b711b4a528 <unknown>\n   #16 0x64b711b4a723 <unknown>\n   #17 0x64b711b5b0e4 <unknown>\n   #18 0x70a759094ac3 <unknown>\n", "test_name": "test_lm_regression_suite[Polysurance]", "rerun": "0"}, "7": {"status": "FAIL", "message": "   selenium.common.exceptions.NoSuchElementException: Message: no such element: Unable to locate element: {\"method\":\"xpath\",\"selector\":\"//button[@mattooltip='Launch fleet dashboard']\"}\n     (Session info: chrome=122.0.6261.111); For documentation on this error, please visit: https://www.selenium.dev/documentation/webdriver/troubleshooting/errors#no-such-element-exception\n   Stacktrace:\n   #0 0x560f0822af33 <unknown>\n   #1 0x560f07f22ce6 <unknown>\n   #2 0x560f07f6de48 <unknown>\n   #3 0x560f07f6df01 <unknown>\n   #4 0x560f07fb13f4 <unknown>\n   #5 0x560f07f8fedd <unknown>\n   #6 0x560f07fae899 <unknown>\n   #7 0x560f07f8fc53 <unknown>\n   #8 0x560f07f60db3 <unknown>\n   #9 0x560f07f6177e <unknown>\n   #10 0x560f081f086b <unknown>\n   #11 0x560f081f4885 <unknown>\n   #12 0x560f081de181 <unknown>\n   #13 0x560f081f5412 <unknown>\n   #14 0x560f081c225f <unknown>\n   #15 0x560f08219528 <unknown>\n   #16 0x560f08219723 <unknown>\n   #17 0x560f0822a0e4 <unknown>\n   #18 0x7034e8a94ac3 <unknown>\n", "test_name": "test_lm_regression_suite[Intellitrac]", "rerun": "0"}, "8": {"status": "FAIL", "message": "   selenium.common.exceptions.NoSuchElementException: Message: no such element: Unable to locate element: {\"method\":\"xpath\",\"selector\":\"//button[@mattooltip='Launch fleet dashboard']\"}\n     (Session info: chrome=122.0.6261.111); For documentation on this error, please visit: https://www.selenium.dev/documentation/webdriver/troubleshooting/errors#no-such-element-exception\n   Stacktrace:\n   #0 0x5a183b703f33 <unknown>\n   #1 0x5a183b3fbce6 <unknown>\n   #2 0x5a183b446e48 <unknown>\n   #3 0x5a183b446f01 <unknown>\n   #4 0x5a183b48a3f4 <unknown>\n   #5 0x5a183b468edd <unknown>\n   #6 0x5a183b487899 <unknown>\n   #7 0x5a183b468c53 <unknown>\n   #8 0x5a183b439db3 <unknown>\n   #9 0x5a183b43a77e <unknown>\n   #10 0x5a183b6c986b <unknown>\n   #11 0x5a183b6cd885 <unknown>\n   #12 0x5a183b6b7181 <unknown>\n   #13 0x5a183b6ce412 <unknown>\n   #14 0x5a183b69b25f <unknown>\n   #15 0x5a183b6f2528 <unknown>\n   #16 0x5a183b6f2723 <unknown>\n   #17 0x5a183b7030e4 <unknown>\n   #18 0x75a0f3a94ac3 <unknown>\n", "test_name": "test_lm_regression_suite[Magtec]", "rerun": "0"}, "9": {"status": "PASS", "message": "", "test_name": "test_lm_regression_suite[Easitrack]", "rerun": "0"}, "10": {"status": "FAIL", "message": "   selenium.common.exceptions.NoSuchElementException: Message: no such element: Unable to locate element: {\"method\":\"xpath\",\"selector\":\"//button[@mattooltip='Launch fleet dashboard']\"}\n     (Session info: chrome=122.0.6261.111); For documentation on this error, please visit: https://www.selenium.dev/documentation/webdriver/troubleshooting/errors#no-such-element-exception\n   Stacktrace:\n   #0 0x5d1f3883ff33 <unknown>\n   #1 0x5d1f38537ce6 <unknown>\n   #2 0x5d1f38582e48 <unknown>\n   #3 0x5d1f38582f01 <unknown>\n   #4 0x5d1f385c63f4 <unknown>\n   #5 0x5d1f385a4edd <unknown>\n   #6 0x5d1f385c3899 <unknown>\n   #7 0x5d1f385a4c53 <unknown>\n   #8 0x5d1f38575db3 <unknown>\n   #9 0x5d1f3857677e <unknown>\n   #10 0x5d1f3880586b <unknown>\n   #11 0x5d1f38809885 <unknown>\n   #12 0x5d1f387f3181 <unknown>\n   #13 0x5d1f3880a412 <unknown>\n   #14 0x5d1f387d725f <unknown>\n   #15 0x5d1f3882e528 <unknown>\n   #16 0x5d1f3882e723 <unknown>\n   #17 0x5d1f3883f0e4 <unknown>\n   #18 0x75069c094ac3 <unknown>\n", "test_name": "test_lm_regression_suite[Iotab]", "rerun": "0"}, "11": {"status": "PASS", "message": "", "test_name": "test_lm_regression_suite[Geotab]", "rerun": "0"}, "12": {"status": "PASS", "message": "", "test_name": "test_lm_regression_suite[Blackboxcontrol]", "rerun": "0"}, "13": {"status": "PASS", "message": "", "test_name": "test_lm_regression_suite[Spireonstage]", "rerun": "0"}}, "suite_name": "test_LM_RegressionSuite.py"}}}, "date": "September 16, 2024", "start_time": 1726486103.0251422, "total_suite": 1, "status": "FAIL", "status_list": {"pass": "8", "fail": "5", "skip": "1", "error": "0", "xpass": "0", "xfail": "0", "rerun": "0"}, "total_tests": "14"}