{"content": {"suites": {"0": {"status": {"total_pass": 16, "total_skip": 1, "total_xpass": 0, "total_xfail": 0, "total_rerun": 0, "total_fail": 2, "total_error": 0}, "tests": {"0": {"status": "PASS", "message": "", "test_name": "test_lm_regression_suite[Advtracking]", "rerun": "0"}, "1": {"status": "PASS", "message": "", "test_name": "test_lm_regression_suite[Kynection]", "rerun": "0"}, "2": {"status": "SKIP", "message": "('/home/user/Downloads/LM_Regression/pageObjects/FleetPortalPage.py', 264, 'Skipped: ************ Event Summary card not displayed **********')\n", "test_name": "test_lm_regression_suite[Lightmetrics_qa]", "rerun": "0"}, "3": {"status": "PASS", "message": "", "test_name": "test_lm_regression_suite[Lmpresales]", "rerun": "0"}, "4": {"status": "PASS", "message": "", "test_name": "test_lm_regression_suite[Mitac]", "rerun": "0"}, "5": {"status": "PASS", "message": "", "test_name": "test_lm_regression_suite[Sensium]", "rerun": "0"}, "6": {"status": "PASS", "message": "", "test_name": "test_lm_regression_suite[Simplyunified]", "rerun": "0"}, "7": {"status": "PASS", "message": "", "test_name": "test_lm_regression_suite[Tcvsat]", "rerun": "0"}, "8": {"status": "PASS", "message": "", "test_name": "test_lm_regression_suite[Intellitrac]", "rerun": "0"}, "9": {"status": "PASS", "message": "", "test_name": "test_lm_regression_suite[Magtec]", "rerun": "0"}, "10": {"status": "PASS", "message": "", "test_name": "test_lm_regression_suite[Easitrack]", "rerun": "0"}, "11": {"status": "FAIL", "message": "   selenium.common.exceptions.NoSuchElementException: Message: no such element: Unable to locate element: {\"method\":\"xpath\",\"selector\":\"//button[@mattooltip='Launch fleet dashboard']\"}\n     (Session info: chrome=122.0.6261.111); For documentation on this error, please visit: https://www.selenium.dev/documentation/webdriver/troubleshooting/errors#no-such-element-exception\n   Stacktrace:\n   #0 0x61f92d253f33 <unknown>\n   #1 0x61f92cf4bce6 <unknown>\n   #2 0x61f92cf96e48 <unknown>\n   #3 0x61f92cf96f01 <unknown>\n   #4 0x61f92cfda3f4 <unknown>\n   #5 0x61f92cfb8edd <unknown>\n   #6 0x61f92cfd7899 <unknown>\n   #7 0x61f92cfb8c53 <unknown>\n   #8 0x61f92cf89db3 <unknown>\n   #9 0x61f92cf8a77e <unknown>\n   #10 0x61f92d21986b <unknown>\n   #11 0x61f92d21d885 <unknown>\n   #12 0x61f92d207181 <unknown>\n   #13 0x61f92d21e412 <unknown>\n   #14 0x61f92d1eb25f <unknown>\n   #15 0x61f92d242528 <unknown>\n   #16 0x61f92d242723 <unknown>\n   #17 0x61f92d2530e4 <unknown>\n   #18 0x7b3502094ac3 <unknown>\n", "test_name": "test_lm_regression_suite[Platformscience]", "rerun": "0"}, "12": {"status": "PASS", "message": "", "test_name": "test_lm_regression_suite[Iotab]", "rerun": "0"}, "13": {"status": "PASS", "message": "", "test_name": "test_lm_regression_suite[Geotab]", "rerun": "0"}, "14": {"status": "PASS", "message": "", "test_name": "test_lm_regression_suite[Blackboxcontrol]", "rerun": "0"}, "15": {"status": "PASS", "message": "", "test_name": "test_lm_regression_suite[Mactrack]", "rerun": "0"}, "16": {"status": "PASS", "message": "", "test_name": "test_lm_regression_suite[Charteredgreentech]", "rerun": "0"}, "17": {"status": "FAIL", "message": "   selenium.common.exceptions.NoSuchElementException: Message: no such element: Unable to locate element: {\"method\":\"xpath\",\"selector\":\"//app-feature-announcement[@class='ng-star-inserted']/div/div/div\"}\n     (Session info: chrome=122.0.6261.111); For documentation on this error, please visit: https://www.selenium.dev/documentation/webdriver/troubleshooting/errors#no-such-element-exception\n   Stacktrace:\n   #0 0x5c6e97f88f33 <unknown>\n   #1 0x5c6e97c80ce6 <unknown>\n   #2 0x5c6e97ccbe48 <unknown>\n   #3 0x5c6e97ccbf01 <unknown>\n   #4 0x5c6e97d0f3f4 <unknown>\n   #5 0x5c6e97cededd <unknown>\n   #6 0x5c6e97d0c899 <unknown>\n   #7 0x5c6e97cedc53 <unknown>\n   #8 0x5c6e97cbedb3 <unknown>\n   #9 0x5c6e97cbf77e <unknown>\n   #10 0x5c6e97f4e86b <unknown>\n   #11 0x5c6e97f52885 <unknown>\n   #12 0x5c6e97f3c181 <unknown>\n   #13 0x5c6e97f53412 <unknown>\n   #14 0x5c6e97f2025f <unknown>\n   #15 0x5c6e97f77528 <unknown>\n   #16 0x5c6e97f77723 <unknown>\n   #17 0x5c6e97f880e4 <unknown>\n   #18 0x7afd0a294ac3 <unknown>\n   selenium.common.exceptions.NoSuchElementException: Message: no such element: Unable to locate element: {\"method\":\"xpath\",\"selector\":\"//app-home[@class='ng-star-inserted']//app-header/mat-toolbar/div[2]/span\"}\n     (Session info: chrome=122.0.6261.111); For documentation on this error, please visit: https://www.selenium.dev/documentation/webdriver/troubleshooting/errors#no-such-element-exception\n   Stacktrace:\n   #0 0x5c6e97f88f33 <unknown>\n   #1 0x5c6e97c80ce6 <unknown>\n   #2 0x5c6e97ccbe48 <unknown>\n   #3 0x5c6e97ccbf01 <unknown>\n   #4 0x5c6e97d0f3f4 <unknown>\n   #5 0x5c6e97cededd <unknown>\n   #6 0x5c6e97d0c899 <unknown>\n   #7 0x5c6e97cedc53 <unknown>\n   #8 0x5c6e97cbedb3 <unknown>\n   #9 0x5c6e97cbf77e <unknown>\n   #10 0x5c6e97f4e86b <unknown>\n   #11 0x5c6e97f52885 <unknown>\n   #12 0x5c6e97f3c181 <unknown>\n   #13 0x5c6e97f53412 <unknown>\n   #14 0x5c6e97f2025f <unknown>\n   #15 0x5c6e97f77528 <unknown>\n   #16 0x5c6e97f77723 <unknown>\n   #17 0x5c6e97f880e4 <unknown>\n   #18 0x7afd0a294ac3 <unknown>\n", "test_name": "test_lm_regression_suite[Srs]", "rerun": "0"}, "18": {"status": "PASS", "message": "", "test_name": "test_lm_regression_suite[Argus]", "rerun": "0"}}, "suite_name": "test_LM_RegressionSuite.py"}}}, "date": "June 04, 2024", "start_time": 1717497781.6381097, "total_suite": 1, "status": "FAIL", "status_list": {"pass": "16", "fail": "2", "skip": "1", "error": "0", "xpass": "0", "xfail": "0", "rerun": "0"}, "total_tests": "19"}