{"content": {"suites": {"0": {"status": {"total_pass": 13, "total_skip": 0, "total_xpass": 0, "total_xfail": 0, "total_rerun": 0, "total_fail": 1, "total_error": 0}, "tests": {"0": {"status": "PASS", "message": "", "test_name": "test_lm_regression_suite[Advtracking]", "rerun": "0"}, "1": {"status": "PASS", "message": "", "test_name": "test_lm_regression_suite[Kynection]", "rerun": "0"}, "2": {"status": "PASS", "message": "", "test_name": "test_lm_regression_suite[Sensium]", "rerun": "0"}, "3": {"status": "PASS", "message": "", "test_name": "test_lm_regression_suite[Simplyunified]", "rerun": "0"}, "4": {"status": "PASS", "message": "", "test_name": "test_lm_regression_suite[Intellitrac]", "rerun": "0"}, "5": {"status": "PASS", "message": "", "test_name": "test_lm_regression_suite[Magtec]", "rerun": "0"}, "6": {"status": "PASS", "message": "", "test_name": "test_lm_regression_suite[Easitrack]", "rerun": "0"}, "7": {"status": "PASS", "message": "", "test_name": "test_lm_regression_suite[Iotab]", "rerun": "0"}, "8": {"status": "PASS", "message": "", "test_name": "test_lm_regression_suite[Blackboxcontrol]", "rerun": "0"}, "9": {"status": "PASS", "message": "", "test_name": "test_lm_regression_suite[Spireonstage]", "rerun": "0"}, "10": {"status": "PASS", "message": "", "test_name": "test_lm_regression_suite[Mactrackau]", "rerun": "0"}, "11": {"status": "PASS", "message": "", "test_name": "test_lm_regression_suite[Charteredgreentech]", "rerun": "0"}, "12": {"status": "PASS", "message": "", "test_name": "test_lm_regression_suite[Argus]", "rerun": "0"}, "13": {"status": "FAIL", "message": "   selenium.common.exceptions.NoSuchElementException: Message: no such element: Unable to locate element: {\"method\":\"xpath\",\"selector\":\"//app-feature-announcement[@class='ng-star-inserted']/div/div/div\"}\n     (Session info: chrome=122.0.6261.111); For documentation on this error, please visit: https://www.selenium.dev/documentation/webdriver/troubleshooting/errors#no-such-element-exception\n   Stacktrace:\n   #0 0x6202c0d1bf33 <unknown>\n   #1 0x6202c0a13ce6 <unknown>\n   #2 0x6202c0a5ee48 <unknown>\n   #3 0x6202c0a5ef01 <unknown>\n   #4 0x6202c0aa23f4 <unknown>\n   #5 0x6202c0a80edd <unknown>\n   #6 0x6202c0a9f899 <unknown>\n   #7 0x6202c0a80c53 <unknown>\n   #8 0x6202c0a51db3 <unknown>\n   #9 0x6202c0a5277e <unknown>\n   #10 0x6202c0ce186b <unknown>\n   #11 0x6202c0ce5885 <unknown>\n   #12 0x6202c0ccf181 <unknown>\n   #13 0x6202c0ce6412 <unknown>\n   #14 0x6202c0cb325f <unknown>\n   #15 0x6202c0d0a528 <unknown>\n   #16 0x6202c0d0a723 <unknown>\n   #17 0x6202c0d1b0e4 <unknown>\n   #18 0x778a48894ac3 <unknown>\n   selenium.common.exceptions.NoSuchWindowException: Message: no such window: target window already closed\n   from unknown error: web view not found\n     (Session info: chrome=122.0.6261.111)\n   Stacktrace:\n   #0 0x6202c0d1bf33 <unknown>\n   #1 0x6202c0a13ce6 <unknown>\n   #2 0x6202c09ea8cd <unknown>\n   #3 0x6202c0a8976d <unknown>\n   #4 0x6202c0a9f226 <unknown>\n   #5 0x6202c0a80c53 <unknown>\n   #6 0x6202c0a51db3 <unknown>\n   #7 0x6202c0a5277e <unknown>\n   #8 0x6202c0ce186b <unknown>\n   #9 0x6202c0ce5885 <unknown>\n   #10 0x6202c0ccf181 <unknown>\n   #11 0x6202c0ce6412 <unknown>\n   #12 0x6202c0cb325f <unknown>\n   #13 0x6202c0d0a528 <unknown>\n   #14 0x6202c0d0a723 <unknown>\n   #15 0x6202c0d1b0e4 <unknown>\n   #16 0x778a48894ac3 <unknown>\n", "test_name": "test_lm_regression_suite[Quantatec]", "rerun": "0"}}, "suite_name": "test_LM_RegressionSuite.py"}}}, "date": "June 24, 2025", "start_time": 1750760761.168868, "total_suite": 1, "status": "FAIL", "status_list": {"pass": "13", "fail": "1", "skip": "0", "error": "0", "xpass": "0", "xfail": "0", "rerun": "0"}, "total_tests": "14"}