{"content": {"suites": {"0": {"status": {"total_pass": 17, "total_skip": 1, "total_xpass": 0, "total_xfail": 0, "total_rerun": 0, "total_fail": 5, "total_error": 0}, "tests": {"0": {"status": "PASS", "message": "", "test_name": "test_lm_regression_suite[Tcvsat]", "rerun": "0"}, "1": {"status": "PASS", "message": "", "test_name": "test_lm_regression_suite[Easitrack]", "rerun": "0"}, "2": {"status": "PASS", "message": "", "test_name": "test_lm_regression_suite[Machinemax]", "rerun": "0"}, "3": {"status": "PASS", "message": "", "test_name": "test_lm_regression_suite[iotab]", "rerun": "0"}, "4": {"status": "PASS", "message": "", "test_name": "test_lm_regression_suite[Geotab]", "rerun": "0"}, "5": {"status": "PASS", "message": "", "test_name": "test_lm_regression_suite[Blackboxcontrol]", "rerun": "0"}, "6": {"status": "FAIL", "message": "   selenium.common.exceptions.NoSuchElementException: Message: no such element: Unable to locate element: {\"method\":\"xpath\",\"selector\":\"//button[@mattooltip='Launch fleet dashboard']\"}\n     (Session info: chrome=119.0.6045.159); For documentation on this error, please visit: https://www.selenium.dev/documentation/webdriver/troubleshooting/errors#no-such-element-exception\n   Stacktrace:\n   #0 0x5582822a95e3 <unknown>\n   #1 0x558281f6c0b7 <unknown>\n   #2 0x558281fb9f53 <unknown>\n   #3 0x558281fba051 <unknown>\n   #4 0x558281fff9c4 <unknown>\n   #5 0x558281fe0f1d <unknown>\n   #6 0x558281ffcb3d <unknown>\n   #7 0x558281fe0cc3 <unknown>\n   #8 0x558281fac0e4 <unknown>\n   #9 0x558281fad0ae <unknown>\n   #10 0x55828226fce1 <unknown>\n   #11 0x558282273b7e <unknown>\n   #12 0x55828225d4b5 <unknown>\n   #13 0x5582822747d6 <unknown>\n   #14 0x558282240dbf <unknown>\n   #15 0x558282297748 <unknown>\n   #16 0x558282297917 <unknown>\n   #17 0x5582822a8773 <unknown>\n   #18 0x7fe214e97ada <unknown>\n", "test_name": "test_lm_regression_suite[Platformscience]", "rerun": "0"}, "7": {"status": "PASS", "message": "", "test_name": "test_lm_regression_suite[Magtec]", "rerun": "0"}, "8": {"status": "PASS", "message": "", "test_name": "test_lm_regression_suite[Intellitrac]", "rerun": "0"}, "9": {"status": "PASS", "message": "", "test_name": "test_lm_regression_suite[Zonarsystems]", "rerun": "0"}, "10": {"status": "FAIL", "message": "   selenium.common.exceptions.NoSuchElementException: Message: no such element: Unable to locate element: {\"method\":\"xpath\",\"selector\":\"//h3[text()='Feature Announcement']/parent::div\"}\n     (Session info: chrome=119.0.6045.159); For documentation on this error, please visit: https://www.selenium.dev/documentation/webdriver/troubleshooting/errors#no-such-element-exception\n   Stacktrace:\n   #0 0x55eff98ae5e3 <unknown>\n   #1 0x55eff95710b7 <unknown>\n   #2 0x55eff95bef53 <unknown>\n   #3 0x55eff95bf051 <unknown>\n   #4 0x55eff96049c4 <unknown>\n   #5 0x55eff95e5f1d <unknown>\n   #6 0x55eff9601b3d <unknown>\n   #7 0x55eff95e5cc3 <unknown>\n   #8 0x55eff95b10e4 <unknown>\n   #9 0x55eff95b20ae <unknown>\n   #10 0x55eff9874ce1 <unknown>\n   #11 0x55eff9878b7e <unknown>\n   #12 0x55eff98624b5 <unknown>\n   #13 0x55eff98797d6 <unknown>\n   #14 0x55eff9845dbf <unknown>\n   #15 0x55eff989c748 <unknown>\n   #16 0x55eff989c917 <unknown>\n   #17 0x55eff98ad773 <unknown>\n   #18 0x7fec77097ada <unknown>\n   selenium.common.exceptions.NoSuchElementException: Message: no such element: Unable to locate element: {\"method\":\"xpath\",\"selector\":\"//app-home[@class='ng-star-inserted']//app-header/mat-toolbar/div[2]/span\"}\n     (Session info: chrome=119.0.6045.159); For documentation on this error, please visit: https://www.selenium.dev/documentation/webdriver/troubleshooting/errors#no-such-element-exception\n   Stacktrace:\n   #0 0x55eff98ae5e3 <unknown>\n   #1 0x55eff95710b7 <unknown>\n   #2 0x55eff95bef53 <unknown>\n   #3 0x55eff95bf051 <unknown>\n   #4 0x55eff96049c4 <unknown>\n   #5 0x55eff95e5f1d <unknown>\n   #6 0x55eff9601b3d <unknown>\n   #7 0x55eff95e5cc3 <unknown>\n   #8 0x55eff95b10e4 <unknown>\n   #9 0x55eff95b20ae <unknown>\n   #10 0x55eff9874ce1 <unknown>\n   #11 0x55eff9878b7e <unknown>\n   #12 0x55eff98624b5 <unknown>\n   #13 0x55eff98797d6 <unknown>\n   #14 0x55eff9845dbf <unknown>\n   #15 0x55eff989c748 <unknown>\n   #16 0x55eff989c917 <unknown>\n   #17 0x55eff98ad773 <unknown>\n   #18 0x7fec77097ada <unknown>\n", "test_name": "test_lm_regression_suite[Inthinc]", "rerun": "0"}, "11": {"status": "FAIL", "message": "   selenium.common.exceptions.NoSuchElementException: Message: no such element: Unable to locate element: {\"method\":\"xpath\",\"selector\":\"//button[@mattooltip='Launch fleet dashboard']\"}\n     (Session info: chrome=119.0.6045.159); For documentation on this error, please visit: https://www.selenium.dev/documentation/webdriver/troubleshooting/errors#no-such-element-exception\n   Stacktrace:\n   #0 0x55f3d1c595e3 <unknown>\n   #1 0x55f3d191c0b7 <unknown>\n   #2 0x55f3d1969f53 <unknown>\n   #3 0x55f3d196a051 <unknown>\n   #4 0x55f3d19af9c4 <unknown>\n   #5 0x55f3d1990f1d <unknown>\n   #6 0x55f3d19acb3d <unknown>\n   #7 0x55f3d1990cc3 <unknown>\n   #8 0x55f3d195c0e4 <unknown>\n   #9 0x55f3d195d0ae <unknown>\n   #10 0x55f3d1c1fce1 <unknown>\n   #11 0x55f3d1c23b7e <unknown>\n   #12 0x55f3d1c0d4b5 <unknown>\n   #13 0x55f3d1c247d6 <unknown>\n   #14 0x55f3d1bf0dbf <unknown>\n   #15 0x55f3d1c47748 <unknown>\n   #16 0x55f3d1c47917 <unknown>\n   #17 0x55f3d1c58773 <unknown>\n   #18 0x7feaa1697ada <unknown>\n", "test_name": "test_lm_regression_suite[Orbcomm]", "rerun": "0"}, "12": {"status": "FAIL", "message": "   selenium.common.exceptions.NoSuchElementException: Message: no such element: Unable to locate element: {\"method\":\"xpath\",\"selector\":\"//button[@mattooltip='Launch fleet dashboard']\"}\n     (Session info: chrome=119.0.6045.159); For documentation on this error, please visit: https://www.selenium.dev/documentation/webdriver/troubleshooting/errors#no-such-element-exception\n   Stacktrace:\n   #0 0x557cdff4c5e3 <unknown>\n   #1 0x557cdfc0f0b7 <unknown>\n   #2 0x557cdfc5cf53 <unknown>\n   #3 0x557cdfc5d051 <unknown>\n   #4 0x557cdfca29c4 <unknown>\n   #5 0x557cdfc83f1d <unknown>\n   #6 0x557cdfc9fb3d <unknown>\n   #7 0x557cdfc83cc3 <unknown>\n   #8 0x557cdfc4f0e4 <unknown>\n   #9 0x557cdfc500ae <unknown>\n   #10 0x557cdff12ce1 <unknown>\n   #11 0x557cdff16b7e <unknown>\n   #12 0x557cdff004b5 <unknown>\n   #13 0x557cdff177d6 <unknown>\n   #14 0x557cdfee3dbf <unknown>\n   #15 0x557cdff3a748 <unknown>\n   #16 0x557cdff3a917 <unknown>\n   #17 0x557cdff4b773 <unknown>\n   #18 0x7feba8897ada <unknown>\n", "test_name": "test_lm_regression_suite[Orbcomm_dev]", "rerun": "0"}, "13": {"status": "SKIP", "message": "('/home/a/PycharmProjects/LM_Regression/pageObjects/FleetPortalPage.py', 428, 'Skipped: ************ Coachable Drivers table not displayed **********')\n", "test_name": "test_lm_regression_suite[Orbcomm_exp]", "rerun": "0"}, "14": {"status": "PASS", "message": "", "test_name": "test_lm_regression_suite[Spireonstage]", "rerun": "0"}, "15": {"status": "PASS", "message": "", "test_name": "test_lm_regression_suite[Spireon]", "rerun": "0"}, "16": {"status": "PASS", "message": "", "test_name": "test_lm_regression_suite[Simplyunified]", "rerun": "0"}, "17": {"status": "PASS", "message": "", "test_name": "test_lm_regression_suite[Sensium]", "rerun": "0"}, "18": {"status": "PASS", "message": "", "test_name": "test_lm_regression_suite[Mitac]", "rerun": "0"}, "19": {"status": "PASS", "message": "", "test_name": "test_lm_regression_suite[Kynection]", "rerun": "0"}, "20": {"status": "FAIL", "message": "   selenium.common.exceptions.ElementClickInterceptedException: Message: element click intercepted: Element <a _ngcontent-ack-c242=\"\" color=\"primary\" mat-list-item=\"\" routerlinkactive=\"active\" class=\"mat-list-item mat-focus-indicator nav-item ng-star-inserted\" href=\"/accounts\" style=\"\">...</a> is not clickable at point (110, 184). Other element would receive the click: <div class=\"cdk-overlay-backdrop cdk-overlay-dark-backdrop cdk-overlay-backdrop-showing\"></div>\n     (Session info: chrome=119.0.6045.159)\n   Stacktrace:\n   #0 0x55ba025855e3 <unknown>\n   #1 0x55ba022480b7 <unknown>\n   #2 0x55ba0229dcfc <unknown>\n   #3 0x55ba0229b65f <unknown>\n   #4 0x55ba02298be4 <unknown>\n   #5 0x55ba02297934 <unknown>\n   #6 0x55ba0228a1a0 <unknown>\n   #7 0x55ba022bcef2 <unknown>\n   #8 0x55ba02289a02 <unknown>\n   #9 0x55ba022bd0be <unknown>\n   #10 0x55ba022d8b3d <unknown>\n   #11 0x55ba022bccc3 <unknown>\n   #12 0x55ba022880e4 <unknown>\n   #13 0x55ba022890ae <unknown>\n   #14 0x55ba0254bce1 <unknown>\n   #15 0x55ba0254fb7e <unknown>\n   #16 0x55ba025394b5 <unknown>\n   #17 0x55ba025507d6 <unknown>\n   #18 0x55ba0251cdbf <unknown>\n   #19 0x55ba02573748 <unknown>\n   #20 0x55ba02573917 <unknown>\n   #21 0x55ba02584773 <unknown>\n   #22 0x7fd8f7897ada <unknown>\n", "test_name": "test_lm_regression_suite[Fleetilla]", "rerun": "0"}, "21": {"status": "PASS", "message": "", "test_name": "test_lm_regression_suite[Advtracking]", "rerun": "0"}, "22": {"status": "PASS", "message": "", "test_name": "test_lm_regression_suite[Calamp]", "rerun": "0"}}, "suite_name": "test_LM_RegressionSuite.py"}}}, "date": "February 27, 2024", "start_time": 1709022902.730788, "total_suite": 1, "status": "FAIL", "status_list": {"pass": "17", "fail": "5", "skip": "1", "error": "0", "xpass": "0", "xfail": "0", "rerun": "0"}, "total_tests": "23"}