{"content": {"suites": {"0": {"status": {"total_pass": 0, "total_skip": 0, "total_xpass": 0, "total_xfail": 0, "total_rerun": 0, "total_fail": 1, "total_error": 0}, "tests": {"0": {"status": "FAIL", "message": "   selenium.common.exceptions.NoSuchWindowException: Message: no such window: target window already closed\n   from unknown error: web view not found\n     (Session info: chrome=122.0.6261.111)\n   Stacktrace:\n   #0 0x601a79ab7f33 <unknown>\n   #1 0x601a797afce6 <unknown>\n   #2 0x601a797868cd <unknown>\n   #3 0x601a7982576d <unknown>\n   #4 0x601a7983b226 <unknown>\n   #5 0x601a7981cc53 <unknown>\n   #6 0x601a797eddb3 <unknown>\n   #7 0x601a797ee77e <unknown>\n   #8 0x601a79a7d86b <unknown>\n   #9 0x601a79a81885 <unknown>\n   #10 0x601a79a6b181 <unknown>\n   #11 0x601a79a82412 <unknown>\n   #12 0x601a79a4f25f <unknown>\n   #13 0x601a79aa6528 <unknown>\n   #14 0x601a79aa6723 <unknown>\n   #15 0x601a79ab70e4 <unknown>\n   #16 0x799fa8294ac3 <unknown>\n   selenium.common.exceptions.NoSuchWindowException: Message: no such window: target window already closed\n   from unknown error: web view not found\n     (Session info: chrome=122.0.6261.111)\n   Stacktrace:\n   #0 0x601a79ab7f33 <unknown>\n   #1 0x601a797afce6 <unknown>\n   #2 0x601a797868cd <unknown>\n   #3 0x601a7982576d <unknown>\n   #4 0x601a7983b226 <unknown>\n   #5 0x601a7981cc53 <unknown>\n   #6 0x601a797eddb3 <unknown>\n   #7 0x601a797ee77e <unknown>\n   #8 0x601a79a7d86b <unknown>\n   #9 0x601a79a81885 <unknown>\n   #10 0x601a79a6b181 <unknown>\n   #11 0x601a79a82412 <unknown>\n   #12 0x601a79a4f25f <unknown>\n   #13 0x601a79aa6528 <unknown>\n   #14 0x601a79aa6723 <unknown>\n   #15 0x601a79ab70e4 <unknown>\n   #16 0x799fa8294ac3 <unknown>\n", "test_name": "test_lm_regression_suite[Lmpresales]", "rerun": "0"}}, "suite_name": "test_LM_RegressionSuite.py"}}}, "date": "June 06, 2025", "start_time": 1749181751.8029327, "total_suite": 1, "status": "FAIL", "status_list": {"pass": "0", "fail": "1", "skip": "0", "error": "0", "xpass": "0", "xfail": "0", "rerun": "0"}, "total_tests": "1"}