{"content": {"suites": {"0": {"status": {"total_pass": 1, "total_skip": 0, "total_xpass": 0, "total_xfail": 0, "total_rerun": 0, "total_fail": 4, "total_error": 0}, "tests": {"0": {"status": "PASS", "message": "", "test_name": "test_lm_regression_suite[Advtracking]", "rerun": "0"}, "1": {"status": "FAIL", "message": "   selenium.common.exceptions.NoSuchElementException: Message: no such element: Unable to locate element: {\"method\":\"xpath\",\"selector\":\"//h3[text()='Feature Announcement']/following-sibling::mat-chip-list/div/mat-chip\"}\n     (Session info: chrome=118.0.5993.70); For documentation on this error, please visit: https://www.selenium.dev/documentation/webdriver/troubleshooting/errors#no-such-element-exception\n   Stacktrace:\n   #0 0x556baab35fb3 <unknown>\n   #1 0x556baa8094a7 <unknown>\n   #2 0x556baa850dd6 <unknown>\n   #3 0x556baa850ec1 <unknown>\n   #4 0x556baa88e354 <unknown>\n   #5 0x556baa87296d <unknown>\n   #6 0x556baa88bc02 <unknown>\n   #7 0x556baa872713 <unknown>\n   #8 0x556baa84518b <unknown>\n   #9 0x556baa845f7e <unknown>\n   #10 0x556baaafb8d8 <unknown>\n   #11 0x556baaaff800 <unknown>\n   #12 0x556baab09cfc <unknown>\n   #13 0x556baab00418 <unknown>\n   #14 0x556baaacd42f <unknown>\n   #15 0x556baab244e8 <unknown>\n   #16 0x556baab246b4 <unknown>\n   #17 0x556baab35143 <unknown>\n   #18 0x7f5607090402 <unknown>\n", "test_name": "test_lm_regression_suite[lmpresales]", "rerun": "0"}, "2": {"status": "FAIL", "message": "   selenium.common.exceptions.NoSuchElementException: Message: no such element: Unable to locate element: {\"method\":\"xpath\",\"selector\":\"(//input[@id='signInFormUsername'])[2]\"}\n     (Session info: chrome=118.0.5993.70); For documentation on this error, please visit: https://www.selenium.dev/documentation/webdriver/troubleshooting/errors#no-such-element-exception\n   Stacktrace:\n   #0 0x556baab35fb3 <unknown>\n   #1 0x556baa8094a7 <unknown>\n   #2 0x556baa850dd6 <unknown>\n   #3 0x556baa850ec1 <unknown>\n   #4 0x556baa88e354 <unknown>\n   #5 0x556baa87296d <unknown>\n   #6 0x556baa88bc02 <unknown>\n   #7 0x556baa872713 <unknown>\n   #8 0x556baa84518b <unknown>\n   #9 0x556baa845f7e <unknown>\n   #10 0x556baaafb8d8 <unknown>\n   #11 0x556baaaff800 <unknown>\n   #12 0x556baab09cfc <unknown>\n   #13 0x556baab00418 <unknown>\n   #14 0x556baaacd42f <unknown>\n   #15 0x556baab244e8 <unknown>\n   #16 0x556baab246b4 <unknown>\n   #17 0x556baab35143 <unknown>\n   #18 0x7f5607090402 <unknown>\n", "test_name": "test_lm_regression_suite[geotab]", "rerun": "0"}, "3": {"status": "FAIL", "message": "   selenium.common.exceptions.NoSuchElementException: Message: no such element: Unable to locate element: {\"method\":\"xpath\",\"selector\":\"(//input[@id='signInFormUsername'])[2]\"}\n     (Session info: chrome=118.0.5993.70); For documentation on this error, please visit: https://www.selenium.dev/documentation/webdriver/troubleshooting/errors#no-such-element-exception\n   Stacktrace:\n   #0 0x556baab35fb3 <unknown>\n   #1 0x556baa8094a7 <unknown>\n   #2 0x556baa850dd6 <unknown>\n   #3 0x556baa850ec1 <unknown>\n   #4 0x556baa88e354 <unknown>\n   #5 0x556baa87296d <unknown>\n   #6 0x556baa88bc02 <unknown>\n   #7 0x556baa872713 <unknown>\n   #8 0x556baa84518b <unknown>\n   #9 0x556baa845f7e <unknown>\n   #10 0x556baaafb8d8 <unknown>\n   #11 0x556baaaff800 <unknown>\n   #12 0x556baab09cfc <unknown>\n   #13 0x556baab00418 <unknown>\n   #14 0x556baaacd42f <unknown>\n   #15 0x556baab244e8 <unknown>\n   #16 0x556baab246b4 <unknown>\n   #17 0x556baab35143 <unknown>\n   #18 0x7f5607090402 <unknown>\n", "test_name": "test_lm_regression_suite[Kynection]", "rerun": "0"}, "4": {"status": "FAIL", "message": "   selenium.common.exceptions.NoSuchElementException: Message: no such element: Unable to locate element: {\"method\":\"xpath\",\"selector\":\"(//input[@id='signInFormUsername'])[2]\"}\n     (Session info: chrome=118.0.5993.70); For documentation on this error, please visit: https://www.selenium.dev/documentation/webdriver/troubleshooting/errors#no-such-element-exception\n   Stacktrace:\n   #0 0x556baab35fb3 <unknown>\n   #1 0x556baa8094a7 <unknown>\n   #2 0x556baa850dd6 <unknown>\n   #3 0x556baa850ec1 <unknown>\n   #4 0x556baa88e354 <unknown>\n   #5 0x556baa87296d <unknown>\n   #6 0x556baa88bc02 <unknown>\n   #7 0x556baa872713 <unknown>\n   #8 0x556baa84518b <unknown>\n   #9 0x556baa845f7e <unknown>\n   #10 0x556baaafb8d8 <unknown>\n   #11 0x556baaaff800 <unknown>\n   #12 0x556baab09cfc <unknown>\n   #13 0x556baab00418 <unknown>\n   #14 0x556baaacd42f <unknown>\n   #15 0x556baab244e8 <unknown>\n   #16 0x556baab246b4 <unknown>\n   #17 0x556baab35143 <unknown>\n   #18 0x7f5607090402 <unknown>\n", "test_name": "test_lm_regression_suite[Attrix]", "rerun": "0"}}, "suite_name": "test_LM_RegressionSuite.py"}}}, "date": "November 06, 2023", "start_time": 1699263698.8173316, "total_suite": 1, "status": "FAIL", "status_list": {"pass": "1", "fail": "4", "skip": "0", "error": "0", "xpass": "0", "xfail": "0", "rerun": "0"}, "total_tests": "5"}