{"content": {"suites": {"0": {"status": {"total_pass": 1, "total_skip": 1, "total_xpass": 0, "total_xfail": 0, "total_rerun": 0, "total_fail": 3, "total_error": 0}, "tests": {"0": {"status": "PASS", "message": "", "test_name": "test_lm_regression_suite[Advtracking]", "rerun": "0"}, "1": {"status": "SKIP", "message": "('/home/a/PycharmProjects/LM_Regression/pageObjects/FleetPortalPage.py', 427, 'Skipped: ************ Coaching Panel table not displayed **********')\n", "test_name": "test_lm_regression_suite[lmpresales]", "rerun": "0"}, "2": {"status": "FAIL", "message": "   selenium.common.exceptions.NoSuchElementException: Message: no such element: Unable to locate element: {\"method\":\"xpath\",\"selector\":\"(//input[@id='signInFormUsername'])[2]\"}\n     (Session info: chrome=118.0.5993.70); For documentation on this error, please visit: https://www.selenium.dev/documentation/webdriver/troubleshooting/errors#no-such-element-exception\n   Stacktrace:\n   #0 0x563784466fb3 <unknown>\n   #1 0x56378413a4a7 <unknown>\n   #2 0x563784181dd6 <unknown>\n   #3 0x563784181ec1 <unknown>\n   #4 0x5637841bf354 <unknown>\n   #5 0x5637841a396d <unknown>\n   #6 0x5637841bcc02 <unknown>\n   #7 0x5637841a3713 <unknown>\n   #8 0x56378417618b <unknown>\n   #9 0x563784176f7e <unknown>\n   #10 0x56378442c8d8 <unknown>\n   #11 0x563784430800 <unknown>\n   #12 0x56378443acfc <unknown>\n   #13 0x563784431418 <unknown>\n   #14 0x5637843fe42f <unknown>\n   #15 0x5637844554e8 <unknown>\n   #16 0x5637844556b4 <unknown>\n   #17 0x563784466143 <unknown>\n   #18 0x7f7025490402 <unknown>\n", "test_name": "test_lm_regression_suite[geotab]", "rerun": "0"}, "3": {"status": "FAIL", "message": "   selenium.common.exceptions.NoSuchElementException: Message: no such element: Unable to locate element: {\"method\":\"xpath\",\"selector\":\"(//input[@id='signInFormUsername'])[2]\"}\n     (Session info: chrome=118.0.5993.70); For documentation on this error, please visit: https://www.selenium.dev/documentation/webdriver/troubleshooting/errors#no-such-element-exception\n   Stacktrace:\n   #0 0x563784466fb3 <unknown>\n   #1 0x56378413a4a7 <unknown>\n   #2 0x563784181dd6 <unknown>\n   #3 0x563784181ec1 <unknown>\n   #4 0x5637841bf354 <unknown>\n   #5 0x5637841a396d <unknown>\n   #6 0x5637841bcc02 <unknown>\n   #7 0x5637841a3713 <unknown>\n   #8 0x56378417618b <unknown>\n   #9 0x563784176f7e <unknown>\n   #10 0x56378442c8d8 <unknown>\n   #11 0x563784430800 <unknown>\n   #12 0x56378443acfc <unknown>\n   #13 0x563784431418 <unknown>\n   #14 0x5637843fe42f <unknown>\n   #15 0x5637844554e8 <unknown>\n   #16 0x5637844556b4 <unknown>\n   #17 0x563784466143 <unknown>\n   #18 0x7f7025490402 <unknown>\n", "test_name": "test_lm_regression_suite[Kynection]", "rerun": "0"}, "4": {"status": "FAIL", "message": "   selenium.common.exceptions.NoSuchElementException: Message: no such element: Unable to locate element: {\"method\":\"xpath\",\"selector\":\"(//input[@id='signInFormUsername'])[2]\"}\n     (Session info: chrome=118.0.5993.70); For documentation on this error, please visit: https://www.selenium.dev/documentation/webdriver/troubleshooting/errors#no-such-element-exception\n   Stacktrace:\n   #0 0x563784466fb3 <unknown>\n   #1 0x56378413a4a7 <unknown>\n   #2 0x563784181dd6 <unknown>\n   #3 0x563784181ec1 <unknown>\n   #4 0x5637841bf354 <unknown>\n   #5 0x5637841a396d <unknown>\n   #6 0x5637841bcc02 <unknown>\n   #7 0x5637841a3713 <unknown>\n   #8 0x56378417618b <unknown>\n   #9 0x563784176f7e <unknown>\n   #10 0x56378442c8d8 <unknown>\n   #11 0x563784430800 <unknown>\n   #12 0x56378443acfc <unknown>\n   #13 0x563784431418 <unknown>\n   #14 0x5637843fe42f <unknown>\n   #15 0x5637844554e8 <unknown>\n   #16 0x5637844556b4 <unknown>\n   #17 0x563784466143 <unknown>\n   #18 0x7f7025490402 <unknown>\n", "test_name": "test_lm_regression_suite[Attrix]", "rerun": "0"}}, "suite_name": "test_LM_RegressionSuite.py"}}}, "date": "November 08, 2023", "start_time": 1699422411.4209151, "total_suite": 1, "status": "FAIL", "status_list": {"pass": "1", "fail": "3", "skip": "1", "error": "0", "xpass": "0", "xfail": "0", "rerun": "0"}, "total_tests": "5"}