{"content": {"suites": {"0": {"status": {"total_pass": 0, "total_skip": 0, "total_xpass": 0, "total_xfail": 0, "total_rerun": 0, "total_fail": 1, "total_error": 0}, "tests": {"0": {"status": "FAIL", "message": "   selenium.common.exceptions.NoSuchWindowException: Message: no such window: target window already closed\n   from unknown error: web view not found\n     (Session info: chrome=122.0.6261.111)\n   Stacktrace:\n   #0 0x63267e185f33 <unknown>\n   #1 0x63267de7dce6 <unknown>\n   #2 0x63267de548cd <unknown>\n   #3 0x63267def376d <unknown>\n   #4 0x63267df09226 <unknown>\n   #5 0x63267deeac53 <unknown>\n   #6 0x63267debbdb3 <unknown>\n   #7 0x63267debc77e <unknown>\n   #8 0x63267e14b86b <unknown>\n   #9 0x63267e14f885 <unknown>\n   #10 0x63267e139181 <unknown>\n   #11 0x63267e150412 <unknown>\n   #12 0x63267e11d25f <unknown>\n   #13 0x63267e174528 <unknown>\n   #14 0x63267e174723 <unknown>\n   #15 0x63267e1850e4 <unknown>\n   #16 0x71ea93c94ac3 <unknown>\n   selenium.common.exceptions.NoSuchWindowException: Message: no such window: target window already closed\n   from unknown error: web view not found\n     (Session info: chrome=122.0.6261.111)\n   Stacktrace:\n   #0 0x63267e185f33 <unknown>\n   #1 0x63267de7dce6 <unknown>\n   #2 0x63267de548cd <unknown>\n   #3 0x63267def376d <unknown>\n   #4 0x63267df09226 <unknown>\n   #5 0x63267deeac53 <unknown>\n   #6 0x63267debbdb3 <unknown>\n   #7 0x63267debc77e <unknown>\n   #8 0x63267e14b86b <unknown>\n   #9 0x63267e14f885 <unknown>\n   #10 0x63267e139181 <unknown>\n   #11 0x63267e150412 <unknown>\n   #12 0x63267e11d25f <unknown>\n   #13 0x63267e174528 <unknown>\n   #14 0x63267e174723 <unknown>\n   #15 0x63267e1850e4 <unknown>\n   #16 0x71ea93c94ac3 <unknown>\n", "test_name": "test_lm_regression_suite[Lmpresales]", "rerun": "0"}}, "suite_name": "test_LM_RegressionSuite.py"}}}, "date": "January 09, 2025", "start_time": 1736398031.835516, "total_suite": 1, "status": "FAIL", "status_list": {"pass": "0", "fail": "1", "skip": "0", "error": "0", "xpass": "0", "xfail": "0", "rerun": "0"}, "total_tests": "1"}