{"content": {"suites": {"0": {"status": {"total_pass": 1, "total_skip": 0, "total_xpass": 0, "total_xfail": 0, "total_rerun": 0, "total_fail": 2, "total_error": 0}, "tests": {"0": {"status": "PASS", "message": "", "test_name": "test_lm_regression_suite[Attrix]", "rerun": "0"}, "1": {"status": "FAIL", "message": "   selenium.common.exceptions.NoSuchElementException: Message: no such element: Unable to locate element: {\"method\":\"xpath\",\"selector\":\"//input[@data-placeholder='Enter customer name']\"}\n     (Session info: chrome=118.0.5993.70); For documentation on this error, please visit: https://www.selenium.dev/documentation/webdriver/troubleshooting/errors#no-such-element-exception\n   Stacktrace:\n   #0 0x55d0759f0fb3 <unknown>\n   #1 0x55d0756c44a7 <unknown>\n   #2 0x55d07570bdd6 <unknown>\n   #3 0x55d07570bec1 <unknown>\n   #4 0x55d075749354 <unknown>\n   #5 0x55d07572d96d <unknown>\n   #6 0x55d075746c02 <unknown>\n   #7 0x55d07572d713 <unknown>\n   #8 0x55d07570018b <unknown>\n   #9 0x55d075700f7e <unknown>\n   #10 0x55d0759b68d8 <unknown>\n   #11 0x55d0759ba800 <unknown>\n   #12 0x55d0759c4cfc <unknown>\n   #13 0x55d0759bb418 <unknown>\n   #14 0x55d07598842f <unknown>\n   #15 0x55d0759df4e8 <unknown>\n   #16 0x55d0759df6b4 <unknown>\n   #17 0x55d0759f0143 <unknown>\n   #18 0x7f3c16090402 <unknown>\n", "test_name": "test_lm_regression_suite[Kynection]", "rerun": "0"}, "2": {"status": "FAIL", "message": "   selenium.common.exceptions.NoSuchElementException: Message: no such element: Unable to locate element: {\"method\":\"xpath\",\"selector\":\"//span[contains(text(),'lmpresales')]/following-sibling::mat-icon\"}\n     (Session info: chrome=118.0.5993.70); For documentation on this error, please visit: https://www.selenium.dev/documentation/webdriver/troubleshooting/errors#no-such-element-exception\n   Stacktrace:\n   #0 0x55609b2effb3 <unknown>\n   #1 0x55609afc34a7 <unknown>\n   #2 0x55609b00add6 <unknown>\n   #3 0x55609b00aec1 <unknown>\n   #4 0x55609b048354 <unknown>\n   #5 0x55609b02c96d <unknown>\n   #6 0x55609b045c02 <unknown>\n   #7 0x55609b02c713 <unknown>\n   #8 0x55609afff18b <unknown>\n   #9 0x55609affff7e <unknown>\n   #10 0x55609b2b58d8 <unknown>\n   #11 0x55609b2b9800 <unknown>\n   #12 0x55609b2c3cfc <unknown>\n   #13 0x55609b2ba418 <unknown>\n   #14 0x55609b28742f <unknown>\n   #15 0x55609b2de4e8 <unknown>\n   #16 0x55609b2de6b4 <unknown>\n   #17 0x55609b2ef143 <unknown>\n   #18 0x7f59ddc90402 <unknown>\n", "test_name": "test_lm_regression_suite[Advtracking]", "rerun": "0"}}, "suite_name": "test_LM_RegressionSuite.py"}}}, "date": "November 17, 2023", "start_time": 1700228807.4642656, "total_suite": 1, "status": "FAIL", "status_list": {"pass": "1", "fail": "2", "skip": "0", "error": "0", "xpass": "0", "xfail": "0", "rerun": "0"}, "total_tests": "3"}