{"content": {"suites": {"0": {"status": {"total_pass": 0, "total_skip": 0, "total_xpass": 0, "total_xfail": 0, "total_rerun": 0, "total_fail": 1, "total_error": 0}, "tests": {"0": {"status": "FAIL", "message": "   selenium.common.exceptions.NoSuchElementException: Message: no such element: Unable to locate element: {\"method\":\"xpath\",\"selector\":\"//app-feature-announcement[@class='ng-star-inserted']/div/div/div\"}\n     (Session info: chrome=122.0.6261.111); For documentation on this error, please visit: https://www.selenium.dev/documentation/webdriver/troubleshooting/errors#no-such-element-exception\n   Stacktrace:\n   #0 0x5fc4ec8cdf33 <unknown>\n   #1 0x5fc4ec5c5ce6 <unknown>\n   #2 0x5fc4ec610e48 <unknown>\n   #3 0x5fc4ec610f01 <unknown>\n   #4 0x5fc4ec6543f4 <unknown>\n   #5 0x5fc4ec632edd <unknown>\n   #6 0x5fc4ec651899 <unknown>\n   #7 0x5fc4ec632c53 <unknown>\n   #8 0x5fc4ec603db3 <unknown>\n   #9 0x5fc4ec60477e <unknown>\n   #10 0x5fc4ec89386b <unknown>\n   #11 0x5fc4ec897885 <unknown>\n   #12 0x5fc4ec881181 <unknown>\n   #13 0x5fc4ec898412 <unknown>\n   #14 0x5fc4ec86525f <unknown>\n   #15 0x5fc4ec8bc528 <unknown>\n   #16 0x5fc4ec8bc723 <unknown>\n   #17 0x5fc4ec8cd0e4 <unknown>\n   #18 0x7b125c894ac3 <unknown>\n   selenium.common.exceptions.NoSuchElementException: Message: no such element: Unable to locate element: {\"method\":\"xpath\",\"selector\":\"//app-home[@class='ng-star-inserted']//app-header/mat-toolbar/div[2]/div/h3\"}\n     (Session info: chrome=122.0.6261.111); For documentation on this error, please visit: https://www.selenium.dev/documentation/webdriver/troubleshooting/errors#no-such-element-exception\n   Stacktrace:\n   #0 0x5fc4ec8cdf33 <unknown>\n   #1 0x5fc4ec5c5ce6 <unknown>\n   #2 0x5fc4ec610e48 <unknown>\n   #3 0x5fc4ec610f01 <unknown>\n   #4 0x5fc4ec6543f4 <unknown>\n   #5 0x5fc4ec632edd <unknown>\n   #6 0x5fc4ec651899 <unknown>\n   #7 0x5fc4ec632c53 <unknown>\n   #8 0x5fc4ec603db3 <unknown>\n   #9 0x5fc4ec60477e <unknown>\n   #10 0x5fc4ec89386b <unknown>\n   #11 0x5fc4ec897885 <unknown>\n   #12 0x5fc4ec881181 <unknown>\n   #13 0x5fc4ec898412 <unknown>\n   #14 0x5fc4ec86525f <unknown>\n   #15 0x5fc4ec8bc528 <unknown>\n   #16 0x5fc4ec8bc723 <unknown>\n   #17 0x5fc4ec8cd0e4 <unknown>\n   #18 0x7b125c894ac3 <unknown>\n", "test_name": "test_lm_regression_suite[Lmpresales]", "rerun": "0"}}, "suite_name": "test_LM_RegressionSuite.py"}}}, "date": "April 15, 2025", "start_time": 1744698187.5799768, "total_suite": 1, "status": "FAIL", "status_list": {"pass": "0", "fail": "1", "skip": "0", "error": "0", "xpass": "0", "xfail": "0", "rerun": "0"}, "total_tests": "1"}